[debug] [2024-02-18T06:18:39.583Z] ----------------------------------------------------------------------
[debug] [2024-02-18T06:18:39.587Z] Command:       C:\Program Files\nodejs\node.exe C:\Users\A\AppData\Roaming\npm\node_modules\firebase-tools\lib\bin\firebase.js emulators:start
[debug] [2024-02-18T06:18:39.587Z] CLI Version:   13.3.0
[debug] [2024-02-18T06:18:39.587Z] Platform:      win32
[debug] [2024-02-18T06:18:39.588Z] Node Version:  v18.17.0
[debug] [2024-02-18T06:18:39.589Z] Time:          Sat Feb 17 2024 21:18:39 GMT-0900 (GMT-09:00)
[debug] [2024-02-18T06:18:39.589Z] ----------------------------------------------------------------------
[debug] 
[debug] [2024-02-18T06:18:39.877Z] > command requires scopes: ["email","openid","https://www.googleapis.com/auth/cloudplatformprojects.readonly","https://www.googleapis.com/auth/firebase","https://www.googleapis.com/auth/cloud-platform"]
[debug] [2024-02-18T06:18:39.878Z] > authorizing via signed-in user (biniamdegu44@gmail.com)
[info] i  emulators: Starting emulators: functions, hosting {"metadata":{"emulator":{"name":"hub"},"message":"Starting emulators: functions, hosting"}}
[debug] [2024-02-18T06:18:39.898Z] [logging] Logging Emulator only supports listening on one address (127.0.0.1). Not listening on ::1
[debug] [2024-02-18T06:18:39.898Z] [hosting] Hosting Emulator only supports listening on one address (127.0.0.1). Not listening on ::1
[debug] [2024-02-18T06:18:39.899Z] assigned listening specs for emulators {"user":{"hub":[{"address":"127.0.0.1","family":"IPv4","port":4400},{"address":"::1","family":"IPv6","port":4400}],"ui":[{"address":"127.0.0.1","family":"IPv4","port":4000},{"address":"::1","family":"IPv6","port":4000}],"logging":[{"address":"127.0.0.1","family":"IPv4","port":4500}],"hosting":[{"address":"127.0.0.1","family":"IPv4","port":5000}]},"metadata":{"message":"assigned listening specs for emulators"}}
[debug] [2024-02-18T06:18:39.956Z] [hub] writing locator at C:\Users\A\AppData\Local\Temp\hub-e-clone-55334.json
[debug] [2024-02-18T06:18:39.983Z] [functions] Functions Emulator only supports listening on one address (127.0.0.1). Not listening on ::1
[debug] [2024-02-18T06:18:39.983Z] [eventarc] Eventarc Emulator only supports listening on one address (127.0.0.1). Not listening on ::1
[debug] [2024-02-18T06:18:39.984Z] late-assigned ports for functions and eventarc emulators {"user":{"hub":[{"address":"127.0.0.1","family":"IPv4","port":4400},{"address":"::1","family":"IPv6","port":4400}],"ui":[{"address":"127.0.0.1","family":"IPv4","port":4000},{"address":"::1","family":"IPv6","port":4000}],"logging":[{"address":"127.0.0.1","family":"IPv4","port":4500}],"hosting":[{"address":"127.0.0.1","family":"IPv4","port":5000}],"functions":[{"address":"127.0.0.1","family":"IPv4","port":5001}],"eventarc":[{"address":"127.0.0.1","family":"IPv4","port":9299}]},"metadata":{"message":"late-assigned ports for functions and eventarc emulators"}}
[warn] !  functions: The following emulators are not running, calls to these services from the Functions emulator will affect production: auth, firestore, database, pubsub, storage {"metadata":{"emulator":{"name":"functions"},"message":"The following emulators are not running, calls to these services from the Functions emulator will affect production: \u001b[1mauth, firestore, database, pubsub, storage\u001b[22m"}}
[debug] [2024-02-18T06:18:39.990Z] defaultcredentials: writing to file C:\Users\A\AppData\Roaming\firebase\biniamdegu44_gmail_com_application_default_credentials.json
[debug] [2024-02-18T06:18:39.992Z] Setting GAC to C:\Users\A\AppData\Roaming\firebase\biniamdegu44_gmail_com_application_default_credentials.json {"metadata":{"emulator":{"name":"functions"},"message":"Setting GAC to C:\\Users\\A\\AppData\\Roaming\\firebase\\biniamdegu44_gmail_com_application_default_credentials.json"}}
[debug] [2024-02-18T06:18:39.995Z] >>> [apiv2][query] GET https://firebase.googleapis.com/v1beta1/projects/e-clone-55334/adminSdkConfig [none]
[debug] [2024-02-18T06:18:44.136Z] <<< [apiv2][status] GET https://firebase.googleapis.com/v1beta1/projects/e-clone-55334/adminSdkConfig 200
[debug] [2024-02-18T06:18:44.136Z] <<< [apiv2][body] GET https://firebase.googleapis.com/v1beta1/projects/e-clone-55334/adminSdkConfig {"projectId":"e-clone-55334","storageBucket":"e-clone-55334.appspot.com"}
[debug] [2024-02-18T06:18:44.187Z] >>> [apiv2][query] GET https://firebasehosting.googleapis.com/v1beta1/projects/e-clone-55334/sites 
[debug] [2024-02-18T06:18:46.867Z] <<< [apiv2][status] GET https://firebasehosting.googleapis.com/v1beta1/projects/e-clone-55334/sites 200
[debug] [2024-02-18T06:18:46.867Z] <<< [apiv2][body] GET https://firebasehosting.googleapis.com/v1beta1/projects/e-clone-55334/sites {"sites":[{"name":"projects/e-clone-55334/sites/e-clone-55334","defaultUrl":"https://e-clone-55334.web.app","appId":"1:255953726310:web:5531e03a195799c2b0b6a7","type":"DEFAULT_SITE"}]}
[debug] [2024-02-18T06:18:46.867Z] >>> [apiv2][query] GET https://firebase.googleapis.com/v1beta1/projects/e-clone-55334/webApps/1:255953726310:web:5531e03a195799c2b0b6a7/config [none]
[debug] [2024-02-18T06:18:47.990Z] <<< [apiv2][status] GET https://firebase.googleapis.com/v1beta1/projects/e-clone-55334/webApps/1:255953726310:web:5531e03a195799c2b0b6a7/config 200
[debug] [2024-02-18T06:18:47.991Z] <<< [apiv2][body] GET https://firebase.googleapis.com/v1beta1/projects/e-clone-55334/webApps/1:255953726310:web:5531e03a195799c2b0b6a7/config {"projectId":"e-clone-55334","appId":"1:255953726310:web:5531e03a195799c2b0b6a7","storageBucket":"e-clone-55334.appspot.com","apiKey":"AIzaSyCWNVvAXNCYwfB5ygYKxsV1Gnw3J57Hhfs","authDomain":"e-clone-55334.firebaseapp.com","messagingSenderId":"255953726310","measurementId":"G-QWFQTL9GBD"}
[debug] [2024-02-18T06:18:48.055Z] >>> [apiv2][query] GET https://firebase.googleapis.com/v1beta1/projects/e-clone-55334 [none]
[debug] [2024-02-18T06:18:50.912Z] <<< [apiv2][status] GET https://firebase.googleapis.com/v1beta1/projects/e-clone-55334 200
[debug] [2024-02-18T06:18:50.913Z] <<< [apiv2][body] GET https://firebase.googleapis.com/v1beta1/projects/e-clone-55334 {"projectId":"e-clone-55334","projectNumber":"255953726310","displayName":"Amazone-clone","name":"projects/e-clone-55334","resources":{"hostingSite":"e-clone-55334"},"state":"ACTIVE","etag":"1_3d625b90-a436-4b84-a240-1163c34d8a31"}
[info] i  hosting[e-clone-55334]: Serving hosting files from: build {"metadata":{"emulator":{"name":"hosting"},"message":"Serving hosting files from: \u001b[1mbuild\u001b[22m"}}
[info] +  hosting[e-clone-55334]: Local server: http://127.0.0.1:5000 {"metadata":{"emulator":{"name":"hosting"},"message":"Local server: \u001b[4m\u001b[1mhttp://127.0.0.1:5000\u001b[22m\u001b[24m"}}
[debug] [2024-02-18T06:18:51.070Z] Ignoring unsupported arg: auto_download {"metadata":{"emulator":{"name":"ui"},"message":"Ignoring unsupported arg: auto_download"}}
[debug] [2024-02-18T06:18:51.071Z] Ignoring unsupported arg: port {"metadata":{"emulator":{"name":"ui"},"message":"Ignoring unsupported arg: port"}}
[debug] [2024-02-18T06:18:51.071Z] Starting Emulator UI with command {"binary":"node","args":["C:\\Users\\A\\.cache\\firebase\\emulators\\ui-v1.11.7\\server\\server.js"],"optionalArgs":[],"joinArgs":false} {"metadata":{"emulator":{"name":"ui"},"message":"Starting Emulator UI with command {\"binary\":\"node\",\"args\":[\"C:\\\\Users\\\\A\\\\.cache\\\\firebase\\\\emulators\\\\ui-v1.11.7\\\\server\\\\server.js\"],\"optionalArgs\":[],\"joinArgs\":false}"}}
[info] i  ui: Emulator UI logging to ui-debug.log {"metadata":{"emulator":{"name":"ui"},"message":"Emulator UI logging to \u001b[1mui-debug.log\u001b[22m"}}
[debug] [2024-02-18T06:18:51.356Z] Web / API server started at 127.0.0.1:4000
 {"metadata":{"emulator":{"name":"ui"},"message":"Web / API server started at 127.0.0.1:4000\n"}}
[debug] [2024-02-18T06:18:51.356Z] Web / API server started at ::1:4000
 {"metadata":{"emulator":{"name":"ui"},"message":"Web / API server started at ::1:4000\n"}}
[info] i  functions: Watching "C:\Users\A\Desktop\bini\Projects\Amazone-Clone\amazone-clone\functions" for Cloud Functions... {"metadata":{"emulator":{"name":"functions"},"message":"Watching \"C:\\Users\\A\\Desktop\\bini\\Projects\\Amazone-Clone\\amazone-clone\\functions\" for Cloud Functions..."}}
[debug] [2024-02-18T06:18:51.656Z] Validating nodejs source
[debug] [2024-02-18T06:19:01.869Z] checkFunctionsSDKVersion was unable to fetch information from NPM Error: spawnSync C:\WINDOWS\system32\cmd.exe ETIMEDOUT
    at Object.spawnSync (node:internal/child_process:1110:20)
    at Object.spawnSync (node:child_process:871:24)
    at Function.spawnSync [as sync] (C:\Users\A\AppData\Roaming\npm\node_modules\firebase-tools\node_modules\cross-spawn\index.js:26:23)
    at Object.getLatestSDKVersion (C:\Users\A\AppData\Roaming\npm\node_modules\firebase-tools\lib\deploy\functions\runtimes\node\versioning.js:54:25)
    at Object.checkFunctionsSDKVersion (C:\Users\A\AppData\Roaming\npm\node_modules\firebase-tools\lib\deploy\functions\runtimes\node\versioning.js:74:32)
    at Delegate.validate (C:\Users\A\AppData\Roaming\npm\node_modules\firebase-tools\lib\deploy\functions\runtimes\node\index.js:84:20)
    at FunctionsEmulator.discoverTriggers (C:\Users\A\AppData\Roaming\npm\node_modules\firebase-tools\lib\emulator\functionsEmulator.js:296:35)
    at async FunctionsEmulator.loadTriggers (C:\Users\A\AppData\Roaming\npm\node_modules\firebase-tools\lib\emulator\functionsEmulator.js:325:34)
    at async FunctionsEmulator.connect (C:\Users\A\AppData\Roaming\npm\node_modules\firebase-tools\lib\emulator\functionsEmulator.js:262:13)
    at async Object.startAll (C:\Users\A\AppData\Roaming\npm\node_modules\firebase-tools\lib\emulator\controller.js:566:13)
[debug] [2024-02-18T06:19:01.870Z] > [functions] package.json contents: {
  "name": "functions",
  "description": "Cloud Functions for Firebase",
  "scripts": {
    "lint": "eslint .",
    "serve": "firebase emulators:start --only functions",
    "shell": "firebase functions:shell",
    "start": "npm run shell",
    "deploy": "firebase deploy --only functions",
    "logs": "firebase functions:log"
  },
  "engines": {
    "node": "18"
  },
  "main": "index.js",
  "dependencies": {
    "cors": "^2.8.5",
    "express": "^4.18.2",
    "firebase-admin": "^11.8.0",
    "firebase-functions": "^4.3.1",
    "stripe": "^14.17.0"
  },
  "devDependencies": {
    "eslint": "^8.15.0",
    "eslint-config-google": "^0.14.0",
    "firebase-functions-test": "^3.1.0"
  },
  "private": true
}
[debug] [2024-02-18T06:19:01.870Z] Building nodejs source
[debug] [2024-02-18T06:19:01.871Z] Failed to find version of module node: reached end of search path C:\Users\A\Desktop\bini\Projects\Amazone-Clone\amazone-clone\functions\node_modules
[info] +  functions: Using node@18 from host. 
[debug] [2024-02-18T06:19:01.874Z] Could not find functions.yaml. Must use http discovery
[debug] [2024-02-18T06:19:01.881Z] Found firebase-functions binary at 'C:\Users\A\Desktop\bini\Projects\Amazone-Clone\amazone-clone\functions\node_modules\.bin\firebase-functions'
[info] Serving at port 8581

[error] !!  functions: Failed to load function definition from source: FirebaseError: User code failed to load. Cannot determine backend specification {"metadata":{"emulator":{"name":"functions"},"message":"Failed to load function definition from source: FirebaseError: User code failed to load. Cannot determine backend specification"}}
[info] 
┌─────────────────────────────────────────────────────────────┐
│ ✔  All emulators ready! It is now safe to connect your app. │
│ i  View Emulator UI at http://127.0.0.1:4000/               │
└─────────────────────────────────────────────────────────────┘

┌───────────┬────────────────┬─────────────────────────────────┐
│ Emulator  │ Host:Port      │ View in Emulator UI             │
├───────────┼────────────────┼─────────────────────────────────┤
│ Functions │ 127.0.0.1:5001 │ http://127.0.0.1:4000/functions │
├───────────┼────────────────┼─────────────────────────────────┤
│ Hosting   │ 127.0.0.1:5000 │ n/a                             │
└───────────┴────────────────┴─────────────────────────────────┘
  Emulator Hub running at 127.0.0.1:4400
  Other reserved ports: 4500

Issues? Report them at https://github.com/firebase/firebase-tools/issues and attach the *-debug.log files.
 
[debug] [2024-02-18T06:36:08.778Z] ----------------------------------------------------------------------
[debug] [2024-02-18T06:36:08.781Z] Command:       C:\Program Files\nodejs\node.exe C:\Users\A\AppData\Roaming\npm\node_modules\firebase-tools\lib\bin\firebase.js emulators:start
[debug] [2024-02-18T06:36:08.782Z] CLI Version:   13.3.0
[debug] [2024-02-18T06:36:08.782Z] Platform:      win32
[debug] [2024-02-18T06:36:08.782Z] Node Version:  v18.17.0
[debug] [2024-02-18T06:36:09.957Z] Time:          Sat Feb 17 2024 21:36:08 GMT-0900 (GMT-09:00)
[debug] [2024-02-18T06:36:09.958Z] ----------------------------------------------------------------------
[debug] 
[debug] [2024-02-18T06:36:11.826Z] > command requires scopes: ["email","openid","https://www.googleapis.com/auth/cloudplatformprojects.readonly","https://www.googleapis.com/auth/firebase","https://www.googleapis.com/auth/cloud-platform"]
[debug] [2024-02-18T06:36:11.827Z] > authorizing via signed-in user (biniamdegu44@gmail.com)
[info] i  emulators: Starting emulators: functions, hosting {"metadata":{"emulator":{"name":"hub"},"message":"Starting emulators: functions, hosting"}}
[debug] [2024-02-18T06:36:11.846Z] [logging] Logging Emulator only supports listening on one address (127.0.0.1). Not listening on ::1
[debug] [2024-02-18T06:36:11.846Z] [hosting] Hosting Emulator only supports listening on one address (127.0.0.1). Not listening on ::1
[debug] [2024-02-18T06:36:11.848Z] assigned listening specs for emulators {"user":{"hub":[{"address":"127.0.0.1","family":"IPv4","port":4400},{"address":"::1","family":"IPv6","port":4400}],"ui":[{"address":"127.0.0.1","family":"IPv4","port":4000},{"address":"::1","family":"IPv6","port":4000}],"logging":[{"address":"127.0.0.1","family":"IPv4","port":4500}],"hosting":[{"address":"127.0.0.1","family":"IPv4","port":5000}]},"metadata":{"message":"assigned listening specs for emulators"}}
[warn] !  emulators: It seems that you are running multiple instances of the emulator suite for project e-clone-55334. This may result in unexpected behavior. 
[debug] [2024-02-18T06:36:12.137Z] [hub] writing locator at C:\Users\A\AppData\Local\Temp\hub-e-clone-55334.json
[debug] [2024-02-18T06:36:12.158Z] [functions] Functions Emulator only supports listening on one address (127.0.0.1). Not listening on ::1
[debug] [2024-02-18T06:36:12.158Z] [eventarc] Eventarc Emulator only supports listening on one address (127.0.0.1). Not listening on ::1
[debug] [2024-02-18T06:36:12.158Z] late-assigned ports for functions and eventarc emulators {"user":{"hub":[{"address":"127.0.0.1","family":"IPv4","port":4400},{"address":"::1","family":"IPv6","port":4400}],"ui":[{"address":"127.0.0.1","family":"IPv4","port":4000},{"address":"::1","family":"IPv6","port":4000}],"logging":[{"address":"127.0.0.1","family":"IPv4","port":4500}],"hosting":[{"address":"127.0.0.1","family":"IPv4","port":5000}],"functions":[{"address":"127.0.0.1","family":"IPv4","port":5001}],"eventarc":[{"address":"127.0.0.1","family":"IPv4","port":9299}]},"metadata":{"message":"late-assigned ports for functions and eventarc emulators"}}
[warn] !  functions: The following emulators are not running, calls to these services from the Functions emulator will affect production: auth, firestore, database, pubsub, storage {"metadata":{"emulator":{"name":"functions"},"message":"The following emulators are not running, calls to these services from the Functions emulator will affect production: \u001b[1mauth, firestore, database, pubsub, storage\u001b[22m"}}
[debug] [2024-02-18T06:36:12.188Z] defaultcredentials: writing to file C:\Users\A\AppData\Roaming\firebase\biniamdegu44_gmail_com_application_default_credentials.json
[debug] [2024-02-18T06:36:12.434Z] Setting GAC to C:\Users\A\AppData\Roaming\firebase\biniamdegu44_gmail_com_application_default_credentials.json {"metadata":{"emulator":{"name":"functions"},"message":"Setting GAC to C:\\Users\\A\\AppData\\Roaming\\firebase\\biniamdegu44_gmail_com_application_default_credentials.json"}}
[debug] [2024-02-18T06:36:12.437Z] >>> [apiv2][query] GET https://firebase.googleapis.com/v1beta1/projects/e-clone-55334/adminSdkConfig [none]
[debug] [2024-02-18T06:36:15.772Z] <<< [apiv2][status] GET https://firebase.googleapis.com/v1beta1/projects/e-clone-55334/adminSdkConfig 200
[debug] [2024-02-18T06:36:15.772Z] <<< [apiv2][body] GET https://firebase.googleapis.com/v1beta1/projects/e-clone-55334/adminSdkConfig {"projectId":"e-clone-55334","storageBucket":"e-clone-55334.appspot.com"}
[debug] [2024-02-18T06:36:15.862Z] >>> [apiv2][query] GET https://firebasehosting.googleapis.com/v1beta1/projects/e-clone-55334/sites 
[debug] [2024-02-18T06:36:20.224Z] <<< [apiv2][status] GET https://firebasehosting.googleapis.com/v1beta1/projects/e-clone-55334/sites 200
[debug] [2024-02-18T06:36:20.224Z] <<< [apiv2][body] GET https://firebasehosting.googleapis.com/v1beta1/projects/e-clone-55334/sites {"sites":[{"name":"projects/e-clone-55334/sites/e-clone-55334","defaultUrl":"https://e-clone-55334.web.app","appId":"1:255953726310:web:5531e03a195799c2b0b6a7","type":"DEFAULT_SITE"}]}
[debug] [2024-02-18T06:36:20.225Z] >>> [apiv2][query] GET https://firebase.googleapis.com/v1beta1/projects/e-clone-55334/webApps/1:255953726310:web:5531e03a195799c2b0b6a7/config [none]
[debug] [2024-02-18T06:36:21.770Z] <<< [apiv2][status] GET https://firebase.googleapis.com/v1beta1/projects/e-clone-55334/webApps/1:255953726310:web:5531e03a195799c2b0b6a7/config 200
[debug] [2024-02-18T06:36:21.770Z] <<< [apiv2][body] GET https://firebase.googleapis.com/v1beta1/projects/e-clone-55334/webApps/1:255953726310:web:5531e03a195799c2b0b6a7/config {"projectId":"e-clone-55334","appId":"1:255953726310:web:5531e03a195799c2b0b6a7","storageBucket":"e-clone-55334.appspot.com","apiKey":"AIzaSyCWNVvAXNCYwfB5ygYKxsV1Gnw3J57Hhfs","authDomain":"e-clone-55334.firebaseapp.com","messagingSenderId":"255953726310","measurementId":"G-QWFQTL9GBD"}
[debug] [2024-02-18T06:36:21.951Z] >>> [apiv2][query] GET https://firebase.googleapis.com/v1beta1/projects/e-clone-55334 [none]
[debug] [2024-02-18T06:36:23.257Z] <<< [apiv2][status] GET https://firebase.googleapis.com/v1beta1/projects/e-clone-55334 200
[debug] [2024-02-18T06:36:23.257Z] <<< [apiv2][body] GET https://firebase.googleapis.com/v1beta1/projects/e-clone-55334 {"projectId":"e-clone-55334","projectNumber":"255953726310","displayName":"Amazone-clone","name":"projects/e-clone-55334","resources":{"hostingSite":"e-clone-55334"},"state":"ACTIVE","etag":"1_3d625b90-a436-4b84-a240-1163c34d8a31"}
[info] i  hosting[e-clone-55334]: Serving hosting files from: build {"metadata":{"emulator":{"name":"hosting"},"message":"Serving hosting files from: \u001b[1mbuild\u001b[22m"}}
[info] +  hosting[e-clone-55334]: Local server: http://127.0.0.1:5000 {"metadata":{"emulator":{"name":"hosting"},"message":"Local server: \u001b[4m\u001b[1mhttp://127.0.0.1:5000\u001b[22m\u001b[24m"}}
[debug] [2024-02-18T06:36:23.669Z] Ignoring unsupported arg: auto_download {"metadata":{"emulator":{"name":"ui"},"message":"Ignoring unsupported arg: auto_download"}}
[debug] [2024-02-18T06:36:23.670Z] Ignoring unsupported arg: port {"metadata":{"emulator":{"name":"ui"},"message":"Ignoring unsupported arg: port"}}
[debug] [2024-02-18T06:36:23.670Z] Starting Emulator UI with command {"binary":"node","args":["C:\\Users\\A\\.cache\\firebase\\emulators\\ui-v1.11.7\\server\\server.js"],"optionalArgs":[],"joinArgs":false} {"metadata":{"emulator":{"name":"ui"},"message":"Starting Emulator UI with command {\"binary\":\"node\",\"args\":[\"C:\\\\Users\\\\A\\\\.cache\\\\firebase\\\\emulators\\\\ui-v1.11.7\\\\server\\\\server.js\"],\"optionalArgs\":[],\"joinArgs\":false}"}}
[info] i  ui: Emulator UI logging to ui-debug.log {"metadata":{"emulator":{"name":"ui"},"message":"Emulator UI logging to \u001b[1mui-debug.log\u001b[22m"}}
[debug] [2024-02-18T06:36:23.932Z] Web / API server started at 127.0.0.1:4000
 {"metadata":{"emulator":{"name":"ui"},"message":"Web / API server started at 127.0.0.1:4000\n"}}
[debug] [2024-02-18T06:36:23.932Z] Web / API server started at ::1:4000
 {"metadata":{"emulator":{"name":"ui"},"message":"Web / API server started at ::1:4000\n"}}
[info] i  functions: Watching "C:\Users\A\Desktop\bini\Projects\Amazone-Clone\amazone-clone\functions" for Cloud Functions... {"metadata":{"emulator":{"name":"functions"},"message":"Watching \"C:\\Users\\A\\Desktop\\bini\\Projects\\Amazone-Clone\\amazone-clone\\functions\" for Cloud Functions..."}}
[debug] [2024-02-18T06:36:23.974Z] Validating nodejs source
[debug] [2024-02-18T06:36:34.124Z] checkFunctionsSDKVersion was unable to fetch information from NPM Error: spawnSync C:\WINDOWS\system32\cmd.exe ETIMEDOUT
    at Object.spawnSync (node:internal/child_process:1110:20)
    at Object.spawnSync (node:child_process:871:24)
    at Function.spawnSync [as sync] (C:\Users\A\AppData\Roaming\npm\node_modules\firebase-tools\node_modules\cross-spawn\index.js:26:23)
    at Object.getLatestSDKVersion (C:\Users\A\AppData\Roaming\npm\node_modules\firebase-tools\lib\deploy\functions\runtimes\node\versioning.js:54:25)
    at Object.checkFunctionsSDKVersion (C:\Users\A\AppData\Roaming\npm\node_modules\firebase-tools\lib\deploy\functions\runtimes\node\versioning.js:74:32)
    at Delegate.validate (C:\Users\A\AppData\Roaming\npm\node_modules\firebase-tools\lib\deploy\functions\runtimes\node\index.js:84:20)
    at FunctionsEmulator.discoverTriggers (C:\Users\A\AppData\Roaming\npm\node_modules\firebase-tools\lib\emulator\functionsEmulator.js:296:35)
    at async FunctionsEmulator.loadTriggers (C:\Users\A\AppData\Roaming\npm\node_modules\firebase-tools\lib\emulator\functionsEmulator.js:325:34)
    at async FunctionsEmulator.connect (C:\Users\A\AppData\Roaming\npm\node_modules\firebase-tools\lib\emulator\functionsEmulator.js:262:13)
    at async Object.startAll (C:\Users\A\AppData\Roaming\npm\node_modules\firebase-tools\lib\emulator\controller.js:566:13)
[debug] [2024-02-18T06:36:34.125Z] > [functions] package.json contents: {
  "name": "functions",
  "description": "Cloud Functions for Firebase",
  "scripts": {
    "lint": "eslint .",
    "serve": "firebase emulators:start --only functions",
    "shell": "firebase functions:shell",
    "start": "npm run shell",
    "deploy": "firebase deploy --only functions",
    "logs": "firebase functions:log"
  },
  "engines": {
    "node": "18"
  },
  "main": "index.js",
  "dependencies": {
    "cors": "^2.8.5",
    "express": "^4.18.2",
    "firebase-admin": "^11.8.0",
    "firebase-functions": "^4.3.1",
    "stripe": "^14.17.0"
  },
  "devDependencies": {
    "eslint": "^8.15.0",
    "eslint-config-google": "^0.14.0",
    "firebase-functions-test": "^3.1.0"
  },
  "private": true
}
[debug] [2024-02-18T06:36:34.125Z] Building nodejs source
[debug] [2024-02-18T06:36:34.126Z] Failed to find version of module node: reached end of search path C:\Users\A\Desktop\bini\Projects\Amazone-Clone\amazone-clone\functions\node_modules
[info] +  functions: Using node@18 from host. 
[debug] [2024-02-18T06:36:34.129Z] Could not find functions.yaml. Must use http discovery
[debug] [2024-02-18T06:36:34.174Z] Found firebase-functions binary at 'C:\Users\A\Desktop\bini\Projects\Amazone-Clone\amazone-clone\functions\node_modules\.bin\firebase-functions'
[info] Serving at port 8724

[error] !!  functions: Failed to load function definition from source: FirebaseError: User code failed to load. Cannot determine backend specification {"metadata":{"emulator":{"name":"functions"},"message":"Failed to load function definition from source: FirebaseError: User code failed to load. Cannot determine backend specification"}}
[info] 
┌─────────────────────────────────────────────────────────────┐
│ ✔  All emulators ready! It is now safe to connect your app. │
│ i  View Emulator UI at http://127.0.0.1:4000/               │
└─────────────────────────────────────────────────────────────┘

┌───────────┬────────────────┬─────────────────────────────────┐
│ Emulator  │ Host:Port      │ View in Emulator UI             │
├───────────┼────────────────┼─────────────────────────────────┤
│ Functions │ 127.0.0.1:5001 │ http://127.0.0.1:4000/functions │
├───────────┼────────────────┼─────────────────────────────────┤
│ Hosting   │ 127.0.0.1:5000 │ n/a                             │
└───────────┴────────────────┴─────────────────────────────────┘
  Emulator Hub running at 127.0.0.1:4400
  Other reserved ports: 4500

Issues? Report them at https://github.com/firebase/firebase-tools/issues and attach the *-debug.log files.
 
[debug] [2024-02-18T06:38:56.740Z] [work-queue] {"queuedWork":["/e-clone-55334/us-central1/api/payments/create-2024-02-18T06:38:56.740Z"],"queueLength":1,"runningWork":[],"workRunningCount":0}
[debug] [2024-02-18T06:38:56.741Z] [work-queue] {"queuedWork":[],"queueLength":0,"runningWork":["/e-clone-55334/us-central1/api/payments/create-2024-02-18T06:38:56.740Z"],"workRunningCount":1}
[debug] [2024-02-18T06:38:56.748Z] [work-queue] {"queuedWork":[],"queueLength":0,"runningWork":[],"workRunningCount":0}
[debug] [2024-02-18T06:40:26.224Z] [work-queue] {"queuedWork":["/e-clone-55334/us-central1/api/payments/create-2024-02-18T06:40:26.224Z"],"queueLength":1,"runningWork":[],"workRunningCount":0}
[debug] [2024-02-18T06:40:26.224Z] [work-queue] {"queuedWork":[],"queueLength":0,"runningWork":["/e-clone-55334/us-central1/api/payments/create-2024-02-18T06:40:26.224Z"],"workRunningCount":1}
[debug] [2024-02-18T06:40:26.226Z] [work-queue] {"queuedWork":[],"queueLength":0,"runningWork":[],"workRunningCount":0}
[debug] [2024-02-18T06:40:48.997Z] Received signal SIGINT (Ctrl-C) 1
[info]  
[info] i  emulators: Received SIGINT (Ctrl-C) for the first time. Starting a clean shutdown. 
[info] i  emulators: Please wait for a clean shutdown or send the SIGINT (Ctrl-C) signal again to stop right now. 
[info] i  emulators: Shutting down emulators. {"metadata":{"emulator":{"name":"hub"},"message":"Shutting down emulators."}}
[info] i  ui: Stopping Emulator UI {"metadata":{"emulator":{"name":"ui"},"message":"Stopping Emulator UI"}}
[warn] !  Emulator UI has exited upon receiving signal: SIGINT 
[info] i  functions: Stopping Functions Emulator {"metadata":{"emulator":{"name":"functions"},"message":"Stopping Functions Emulator"}}
[info] i  hosting: Stopping Hosting Emulator {"metadata":{"emulator":{"name":"hosting"},"message":"Stopping Hosting Emulator"}}
[info] i  eventarc: Stopping Eventarc Emulator {"metadata":{"emulator":{"name":"eventarc"},"message":"Stopping Eventarc Emulator"}}
[info] i  hub: Stopping emulator hub {"metadata":{"emulator":{"name":"hub"},"message":"Stopping emulator hub"}}
[info] i  logging: Stopping Logging Emulator {"metadata":{"emulator":{"name":"logging"},"message":"Stopping Logging Emulator"}}
[debug] [2024-02-18T06:40:59.079Z] Error: Timed out.
    at Timeout._onTimeout (C:\Users\A\AppData\Roaming\npm\node_modules\firebase-tools\lib\utils.js:258:49)
    at listOnTimeout (node:internal/timers:569:17)
    at process.processTimers (node:internal/timers:512:7)
[error] 
[error] Error: An unexpected error has occurred.
[debug] [2024-02-18T06:41:17.716Z] ----------------------------------------------------------------------
[debug] [2024-02-18T06:41:17.719Z] Command:       C:\Program Files\nodejs\node.exe C:\Users\A\AppData\Roaming\npm\node_modules\firebase-tools\lib\bin\firebase.js emulators:start
[debug] [2024-02-18T06:41:17.720Z] CLI Version:   13.3.0
[debug] [2024-02-18T06:41:17.720Z] Platform:      win32
[debug] [2024-02-18T06:41:17.721Z] Node Version:  v18.17.0
[debug] [2024-02-18T06:41:17.722Z] Time:          Sat Feb 17 2024 21:41:17 GMT-0900 (GMT-09:00)
[debug] [2024-02-18T06:41:17.722Z] ----------------------------------------------------------------------
[debug] 
[debug] [2024-02-18T06:41:17.899Z] > command requires scopes: ["email","openid","https://www.googleapis.com/auth/cloudplatformprojects.readonly","https://www.googleapis.com/auth/firebase","https://www.googleapis.com/auth/cloud-platform"]
[debug] [2024-02-18T06:41:17.900Z] > authorizing via signed-in user (biniamdegu44@gmail.com)
[info] i  emulators: Starting emulators: functions, hosting {"metadata":{"emulator":{"name":"hub"},"message":"Starting emulators: functions, hosting"}}
[debug] [2024-02-18T06:41:17.921Z] [logging] Logging Emulator only supports listening on one address (127.0.0.1). Not listening on ::1
[debug] [2024-02-18T06:41:17.921Z] [hosting] Hosting Emulator only supports listening on one address (127.0.0.1). Not listening on ::1
[debug] [2024-02-18T06:41:17.922Z] assigned listening specs for emulators {"user":{"hub":[{"address":"127.0.0.1","family":"IPv4","port":4400},{"address":"::1","family":"IPv6","port":4400}],"ui":[{"address":"127.0.0.1","family":"IPv4","port":4000},{"address":"::1","family":"IPv6","port":4000}],"logging":[{"address":"127.0.0.1","family":"IPv4","port":4500}],"hosting":[{"address":"127.0.0.1","family":"IPv4","port":5000}]},"metadata":{"message":"assigned listening specs for emulators"}}
[debug] [2024-02-18T06:41:17.937Z] [hub] writing locator at C:\Users\A\AppData\Local\Temp\hub-e-clone-55334.json
[debug] [2024-02-18T06:41:18.011Z] [functions] Functions Emulator only supports listening on one address (127.0.0.1). Not listening on ::1
[debug] [2024-02-18T06:41:18.011Z] [eventarc] Eventarc Emulator only supports listening on one address (127.0.0.1). Not listening on ::1
[debug] [2024-02-18T06:41:18.011Z] late-assigned ports for functions and eventarc emulators {"user":{"hub":[{"address":"127.0.0.1","family":"IPv4","port":4400},{"address":"::1","family":"IPv6","port":4400}],"ui":[{"address":"127.0.0.1","family":"IPv4","port":4000},{"address":"::1","family":"IPv6","port":4000}],"logging":[{"address":"127.0.0.1","family":"IPv4","port":4500}],"hosting":[{"address":"127.0.0.1","family":"IPv4","port":5000}],"functions":[{"address":"127.0.0.1","family":"IPv4","port":5001}],"eventarc":[{"address":"127.0.0.1","family":"IPv4","port":9299}]},"metadata":{"message":"late-assigned ports for functions and eventarc emulators"}}
[warn] !  functions: The following emulators are not running, calls to these services from the Functions emulator will affect production: auth, firestore, database, pubsub, storage {"metadata":{"emulator":{"name":"functions"},"message":"The following emulators are not running, calls to these services from the Functions emulator will affect production: \u001b[1mauth, firestore, database, pubsub, storage\u001b[22m"}}
[debug] [2024-02-18T06:41:18.018Z] defaultcredentials: writing to file C:\Users\A\AppData\Roaming\firebase\biniamdegu44_gmail_com_application_default_credentials.json
[debug] [2024-02-18T06:41:18.025Z] Setting GAC to C:\Users\A\AppData\Roaming\firebase\biniamdegu44_gmail_com_application_default_credentials.json {"metadata":{"emulator":{"name":"functions"},"message":"Setting GAC to C:\\Users\\A\\AppData\\Roaming\\firebase\\biniamdegu44_gmail_com_application_default_credentials.json"}}
[debug] [2024-02-18T06:41:18.027Z] >>> [apiv2][query] GET https://firebase.googleapis.com/v1beta1/projects/e-clone-55334/adminSdkConfig [none]
[debug] [2024-02-18T06:41:25.559Z] <<< [apiv2][status] GET https://firebase.googleapis.com/v1beta1/projects/e-clone-55334/adminSdkConfig 200
[debug] [2024-02-18T06:41:25.559Z] <<< [apiv2][body] GET https://firebase.googleapis.com/v1beta1/projects/e-clone-55334/adminSdkConfig {"projectId":"e-clone-55334","storageBucket":"e-clone-55334.appspot.com"}
[debug] [2024-02-18T06:41:25.660Z] >>> [apiv2][query] GET https://firebasehosting.googleapis.com/v1beta1/projects/e-clone-55334/sites 
[debug] [2024-02-18T06:41:30.032Z] <<< [apiv2][status] GET https://firebasehosting.googleapis.com/v1beta1/projects/e-clone-55334/sites 200
[debug] [2024-02-18T06:41:30.032Z] <<< [apiv2][body] GET https://firebasehosting.googleapis.com/v1beta1/projects/e-clone-55334/sites {"sites":[{"name":"projects/e-clone-55334/sites/e-clone-55334","defaultUrl":"https://e-clone-55334.web.app","appId":"1:255953726310:web:5531e03a195799c2b0b6a7","type":"DEFAULT_SITE"}]}
[debug] [2024-02-18T06:41:30.032Z] >>> [apiv2][query] GET https://firebase.googleapis.com/v1beta1/projects/e-clone-55334/webApps/1:255953726310:web:5531e03a195799c2b0b6a7/config [none]
[debug] [2024-02-18T06:41:37.699Z] <<< [apiv2][status] GET https://firebase.googleapis.com/v1beta1/projects/e-clone-55334/webApps/1:255953726310:web:5531e03a195799c2b0b6a7/config 200
[debug] [2024-02-18T06:41:37.700Z] <<< [apiv2][body] GET https://firebase.googleapis.com/v1beta1/projects/e-clone-55334/webApps/1:255953726310:web:5531e03a195799c2b0b6a7/config {"projectId":"e-clone-55334","appId":"1:255953726310:web:5531e03a195799c2b0b6a7","storageBucket":"e-clone-55334.appspot.com","apiKey":"AIzaSyCWNVvAXNCYwfB5ygYKxsV1Gnw3J57Hhfs","authDomain":"e-clone-55334.firebaseapp.com","messagingSenderId":"255953726310","measurementId":"G-QWFQTL9GBD"}
[debug] [2024-02-18T06:41:37.756Z] >>> [apiv2][query] GET https://firebase.googleapis.com/v1beta1/projects/e-clone-55334 [none]
[debug] [2024-02-18T06:41:43.795Z] <<< [apiv2][status] GET https://firebase.googleapis.com/v1beta1/projects/e-clone-55334 200
[debug] [2024-02-18T06:41:43.795Z] <<< [apiv2][body] GET https://firebase.googleapis.com/v1beta1/projects/e-clone-55334 {"projectId":"e-clone-55334","projectNumber":"255953726310","displayName":"Amazone-clone","name":"projects/e-clone-55334","resources":{"hostingSite":"e-clone-55334"},"state":"ACTIVE","etag":"1_3d625b90-a436-4b84-a240-1163c34d8a31"}
[info] i  hosting[e-clone-55334]: Serving hosting files from: build {"metadata":{"emulator":{"name":"hosting"},"message":"Serving hosting files from: \u001b[1mbuild\u001b[22m"}}
[info] +  hosting[e-clone-55334]: Local server: http://127.0.0.1:5000 {"metadata":{"emulator":{"name":"hosting"},"message":"Local server: \u001b[4m\u001b[1mhttp://127.0.0.1:5000\u001b[22m\u001b[24m"}}
[debug] [2024-02-18T06:41:43.841Z] Ignoring unsupported arg: auto_download {"metadata":{"emulator":{"name":"ui"},"message":"Ignoring unsupported arg: auto_download"}}
[debug] [2024-02-18T06:41:43.841Z] Ignoring unsupported arg: port {"metadata":{"emulator":{"name":"ui"},"message":"Ignoring unsupported arg: port"}}
[debug] [2024-02-18T06:41:43.842Z] Starting Emulator UI with command {"binary":"node","args":["C:\\Users\\A\\.cache\\firebase\\emulators\\ui-v1.11.7\\server\\server.js"],"optionalArgs":[],"joinArgs":false} {"metadata":{"emulator":{"name":"ui"},"message":"Starting Emulator UI with command {\"binary\":\"node\",\"args\":[\"C:\\\\Users\\\\A\\\\.cache\\\\firebase\\\\emulators\\\\ui-v1.11.7\\\\server\\\\server.js\"],\"optionalArgs\":[],\"joinArgs\":false}"}}
[info] i  ui: Emulator UI logging to ui-debug.log {"metadata":{"emulator":{"name":"ui"},"message":"Emulator UI logging to \u001b[1mui-debug.log\u001b[22m"}}
[debug] [2024-02-18T06:41:44.069Z] Web / API server started at 127.0.0.1:4000
 {"metadata":{"emulator":{"name":"ui"},"message":"Web / API server started at 127.0.0.1:4000\n"}}
[debug] [2024-02-18T06:41:44.070Z] Web / API server started at ::1:4000
 {"metadata":{"emulator":{"name":"ui"},"message":"Web / API server started at ::1:4000\n"}}
[info] i  functions: Watching "C:\Users\A\Desktop\bini\Projects\Amazone-Clone\amazone-clone\functions" for Cloud Functions... {"metadata":{"emulator":{"name":"functions"},"message":"Watching \"C:\\Users\\A\\Desktop\\bini\\Projects\\Amazone-Clone\\amazone-clone\\functions\" for Cloud Functions..."}}
[debug] [2024-02-18T06:41:44.137Z] Validating nodejs source
[debug] [2024-02-18T06:41:54.175Z] checkFunctionsSDKVersion was unable to fetch information from NPM Error: spawnSync C:\WINDOWS\system32\cmd.exe ETIMEDOUT
    at Object.spawnSync (node:internal/child_process:1110:20)
    at Object.spawnSync (node:child_process:871:24)
    at Function.spawnSync [as sync] (C:\Users\A\AppData\Roaming\npm\node_modules\firebase-tools\node_modules\cross-spawn\index.js:26:23)
    at Object.getLatestSDKVersion (C:\Users\A\AppData\Roaming\npm\node_modules\firebase-tools\lib\deploy\functions\runtimes\node\versioning.js:54:25)
    at Object.checkFunctionsSDKVersion (C:\Users\A\AppData\Roaming\npm\node_modules\firebase-tools\lib\deploy\functions\runtimes\node\versioning.js:74:32)
    at Delegate.validate (C:\Users\A\AppData\Roaming\npm\node_modules\firebase-tools\lib\deploy\functions\runtimes\node\index.js:84:20)
    at FunctionsEmulator.discoverTriggers (C:\Users\A\AppData\Roaming\npm\node_modules\firebase-tools\lib\emulator\functionsEmulator.js:296:35)
    at async FunctionsEmulator.loadTriggers (C:\Users\A\AppData\Roaming\npm\node_modules\firebase-tools\lib\emulator\functionsEmulator.js:325:34)
    at async FunctionsEmulator.connect (C:\Users\A\AppData\Roaming\npm\node_modules\firebase-tools\lib\emulator\functionsEmulator.js:262:13)
    at async Object.startAll (C:\Users\A\AppData\Roaming\npm\node_modules\firebase-tools\lib\emulator\controller.js:566:13)
[debug] [2024-02-18T06:41:54.176Z] > [functions] package.json contents: {
  "name": "functions",
  "description": "Cloud Functions for Firebase",
  "scripts": {
    "lint": "eslint .",
    "serve": "firebase emulators:start --only functions",
    "shell": "firebase functions:shell",
    "start": "npm run shell",
    "deploy": "firebase deploy --only functions",
    "logs": "firebase functions:log"
  },
  "engines": {
    "node": "18"
  },
  "main": "index.js",
  "dependencies": {
    "cors": "^2.8.5",
    "express": "^4.18.2",
    "firebase-admin": "^11.8.0",
    "firebase-functions": "^4.3.1",
    "stripe": "^14.17.0"
  },
  "devDependencies": {
    "eslint": "^8.15.0",
    "eslint-config-google": "^0.14.0",
    "firebase-functions-test": "^3.1.0"
  },
  "private": true
}
[debug] [2024-02-18T06:41:54.176Z] Building nodejs source
[debug] [2024-02-18T06:41:54.177Z] Failed to find version of module node: reached end of search path C:\Users\A\Desktop\bini\Projects\Amazone-Clone\amazone-clone\functions\node_modules
[info] +  functions: Using node@18 from host. 
[debug] [2024-02-18T06:41:54.180Z] Could not find functions.yaml. Must use http discovery
[debug] [2024-02-18T06:41:54.188Z] Found firebase-functions binary at 'C:\Users\A\Desktop\bini\Projects\Amazone-Clone\amazone-clone\functions\node_modules\.bin\firebase-functions'
[info] Serving at port 8677

[debug] [2024-02-18T06:41:55.321Z] Got response from /__/functions.yaml {"endpoints":{"api":{"platform":"gcfv1","availableMemoryMb":null,"timeoutSeconds":null,"minInstances":null,"maxInstances":null,"ingressSettings":null,"serviceAccountEmail":null,"vpc":null,"httpsTrigger":{},"entryPoint":"api"}},"specVersion":"v1alpha1","requiredAPIs":[]}
[info] +  functions: Loaded functions definitions from source: api. {"metadata":{"emulator":{"name":"functions"},"message":"Loaded functions definitions from source: api."}}
[info] +  functions[us-central1-api]: http function initialized (http://127.0.0.1:5001/e-clone-55334/us-central1/api). {"metadata":{"emulator":{"name":"functions"},"message":"\u001b[1mhttp\u001b[22m function initialized (http://127.0.0.1:5001/e-clone-55334/us-central1/api)."}}
[info] 
┌─────────────────────────────────────────────────────────────┐
│ ✔  All emulators ready! It is now safe to connect your app. │
│ i  View Emulator UI at http://127.0.0.1:4000/               │
└─────────────────────────────────────────────────────────────┘

┌───────────┬────────────────┬─────────────────────────────────┐
│ Emulator  │ Host:Port      │ View in Emulator UI             │
├───────────┼────────────────┼─────────────────────────────────┤
│ Functions │ 127.0.0.1:5001 │ http://127.0.0.1:4000/functions │
├───────────┼────────────────┼─────────────────────────────────┤
│ Hosting   │ 127.0.0.1:5000 │ n/a                             │
└───────────┴────────────────┴─────────────────────────────────┘
  Emulator Hub running at 127.0.0.1:4400
  Other reserved ports: 4500

Issues? Report them at https://github.com/firebase/firebase-tools/issues and attach the *-debug.log files.
 
[debug] [2024-02-18T06:42:01.472Z] [work-queue] {"queuedWork":["/e-clone-55334/us-central1/api-2024-02-18T06:42:01.472Z"],"queueLength":1,"runningWork":[],"workRunningCount":0}
[debug] [2024-02-18T06:42:01.473Z] [work-queue] {"queuedWork":[],"queueLength":0,"runningWork":["/e-clone-55334/us-central1/api-2024-02-18T06:42:01.472Z"],"workRunningCount":1}
[debug] [2024-02-18T06:42:01.473Z] Accepted request GET /e-clone-55334/us-central1/api --> us-central1-api
[debug] [2024-02-18T06:42:01.478Z] [functions] Runtime ready! Sending request! {"metadata":{"emulator":{"name":"functions"},"message":"[functions] Runtime ready! Sending request!"}}
[debug] [2024-02-18T06:42:01.496Z] [functions] Got req.url=/e-clone-55334/us-central1/api, mapping to path=/ {"metadata":{"emulator":{"name":"functions"},"message":"[functions] Got req.url=/e-clone-55334/us-central1/api, mapping to path=/"}}
[debug] [2024-02-18T06:42:01.538Z] [worker-pool] addWorker(us-central1-api) {"metadata":{"emulator":{"name":"functions"},"message":"[worker-pool] addWorker(us-central1-api)"}}
[debug] [2024-02-18T06:42:01.552Z] [worker-pool] Adding worker with key us-central1-api, total=1 {"metadata":{"emulator":{"name":"functions"},"message":"[worker-pool] Adding worker with key us-central1-api, total=1"}}
[debug] [2024-02-18T06:42:03.798Z] [runtime-status] [7916] Resolved module firebase-admin {"declared":true,"installed":true,"version":"11.11.1","resolution":"C:\\Users\\A\\Desktop\\bini\\Projects\\Amazone-Clone\\amazone-clone\\functions\\node_modules\\firebase-admin\\lib\\index.js"} {"metadata":{"emulator":{"name":"functions"},"function":{"name":"us-central1-api"},"extension":{},"message":"[runtime-status] [7916] Resolved module firebase-admin {\"declared\":true,\"installed\":true,\"version\":\"11.11.1\",\"resolution\":\"C:\\\\Users\\\\A\\\\Desktop\\\\bini\\\\Projects\\\\Amazone-Clone\\\\amazone-clone\\\\functions\\\\node_modules\\\\firebase-admin\\\\lib\\\\index.js\"}"}}
[debug] [2024-02-18T06:42:03.800Z] [runtime-status] [7916] Resolved module firebase-functions {"declared":true,"installed":true,"version":"4.7.0","resolution":"C:\\Users\\A\\Desktop\\bini\\Projects\\Amazone-Clone\\amazone-clone\\functions\\node_modules\\firebase-functions\\lib\\v1\\index.js"} {"metadata":{"emulator":{"name":"functions"},"function":{"name":"us-central1-api"},"extension":{},"message":"[runtime-status] [7916] Resolved module firebase-functions {\"declared\":true,\"installed\":true,\"version\":\"4.7.0\",\"resolution\":\"C:\\\\Users\\\\A\\\\Desktop\\\\bini\\\\Projects\\\\Amazone-Clone\\\\amazone-clone\\\\functions\\\\node_modules\\\\firebase-functions\\\\lib\\\\v1\\\\index.js\"}"}}
[debug] [2024-02-18T06:42:03.800Z] [runtime-status] [7916] Outgoing network have been stubbed. [{"name":"http","status":"mocked"},{"name":"http","status":"mocked"},{"name":"https","status":"mocked"},{"name":"https","status":"mocked"},{"name":"net","status":"mocked"}] {"metadata":{"emulator":{"name":"functions"},"function":{"name":"us-central1-api"},"extension":{},"message":"[runtime-status] [7916] Outgoing network have been stubbed. [{\"name\":\"http\",\"status\":\"mocked\"},{\"name\":\"http\",\"status\":\"mocked\"},{\"name\":\"https\",\"status\":\"mocked\"},{\"name\":\"https\",\"status\":\"mocked\"},{\"name\":\"net\",\"status\":\"mocked\"}]"}}
[debug] [2024-02-18T06:42:03.802Z] [runtime-status] [7916] Resolved module firebase-functions {"declared":true,"installed":true,"version":"4.7.0","resolution":"C:\\Users\\A\\Desktop\\bini\\Projects\\Amazone-Clone\\amazone-clone\\functions\\node_modules\\firebase-functions\\lib\\v1\\index.js"} {"metadata":{"emulator":{"name":"functions"},"function":{"name":"us-central1-api"},"extension":{},"message":"[runtime-status] [7916] Resolved module firebase-functions {\"declared\":true,\"installed\":true,\"version\":\"4.7.0\",\"resolution\":\"C:\\\\Users\\\\A\\\\Desktop\\\\bini\\\\Projects\\\\Amazone-Clone\\\\amazone-clone\\\\functions\\\\node_modules\\\\firebase-functions\\\\lib\\\\v1\\\\index.js\"}"}}
[debug] [2024-02-18T06:42:04.194Z] [runtime-status] [7916] Checked functions.config() {"config":{}} {"metadata":{"emulator":{"name":"functions"},"function":{"name":"us-central1-api"},"extension":{},"message":"[runtime-status] [7916] Checked functions.config() {\"config\":{}}"}}
[debug] [2024-02-18T06:42:04.195Z] [runtime-status] [7916] firebase-functions has been stubbed. {"functionsResolution":{"declared":true,"installed":true,"version":"4.7.0","resolution":"C:\\Users\\A\\Desktop\\bini\\Projects\\Amazone-Clone\\amazone-clone\\functions\\node_modules\\firebase-functions\\lib\\v1\\index.js"}} {"metadata":{"emulator":{"name":"functions"},"function":{"name":"us-central1-api"},"extension":{},"message":"[runtime-status] [7916] firebase-functions has been stubbed. {\"functionsResolution\":{\"declared\":true,\"installed\":true,\"version\":\"4.7.0\",\"resolution\":\"C:\\\\Users\\\\A\\\\Desktop\\\\bini\\\\Projects\\\\Amazone-Clone\\\\amazone-clone\\\\functions\\\\node_modules\\\\firebase-functions\\\\lib\\\\v1\\\\index.js\"}}"}}
[debug] [2024-02-18T06:42:04.197Z] [runtime-status] [7916] Resolved module firebase-functions {"declared":true,"installed":true,"version":"4.7.0","resolution":"C:\\Users\\A\\Desktop\\bini\\Projects\\Amazone-Clone\\amazone-clone\\functions\\node_modules\\firebase-functions\\lib\\v1\\index.js"} {"metadata":{"emulator":{"name":"functions"},"function":{"name":"us-central1-api"},"extension":{},"message":"[runtime-status] [7916] Resolved module firebase-functions {\"declared\":true,\"installed\":true,\"version\":\"4.7.0\",\"resolution\":\"C:\\\\Users\\\\A\\\\Desktop\\\\bini\\\\Projects\\\\Amazone-Clone\\\\amazone-clone\\\\functions\\\\node_modules\\\\firebase-functions\\\\lib\\\\v1\\\\index.js\"}"}}
[debug] [2024-02-18T06:42:04.200Z] [runtime-status] [7916] Resolved module firebase-admin {"declared":true,"installed":true,"version":"11.11.1","resolution":"C:\\Users\\A\\Desktop\\bini\\Projects\\Amazone-Clone\\amazone-clone\\functions\\node_modules\\firebase-admin\\lib\\index.js"} {"metadata":{"emulator":{"name":"functions"},"function":{"name":"us-central1-api"},"extension":{},"message":"[runtime-status] [7916] Resolved module firebase-admin {\"declared\":true,\"installed\":true,\"version\":\"11.11.1\",\"resolution\":\"C:\\\\Users\\\\A\\\\Desktop\\\\bini\\\\Projects\\\\Amazone-Clone\\\\amazone-clone\\\\functions\\\\node_modules\\\\firebase-admin\\\\lib\\\\index.js\"}"}}
[debug] [2024-02-18T06:42:04.282Z] [runtime-status] [7916] Resolved module firebase-functions {"declared":true,"installed":true,"version":"4.7.0","resolution":"C:\\Users\\A\\Desktop\\bini\\Projects\\Amazone-Clone\\amazone-clone\\functions\\node_modules\\firebase-functions\\lib\\v1\\index.js"} {"metadata":{"emulator":{"name":"functions"},"function":{"name":"us-central1-api"},"extension":{},"message":"[runtime-status] [7916] Resolved module firebase-functions {\"declared\":true,\"installed\":true,\"version\":\"4.7.0\",\"resolution\":\"C:\\\\Users\\\\A\\\\Desktop\\\\bini\\\\Projects\\\\Amazone-Clone\\\\amazone-clone\\\\functions\\\\node_modules\\\\firebase-functions\\\\lib\\\\v1\\\\index.js\"}"}}
[debug] [2024-02-18T06:42:04.283Z] [runtime-status] [7916] firebase-admin has been stubbed. {"adminResolution":{"declared":true,"installed":true,"version":"11.11.1","resolution":"C:\\Users\\A\\Desktop\\bini\\Projects\\Amazone-Clone\\amazone-clone\\functions\\node_modules\\firebase-admin\\lib\\index.js"}} {"metadata":{"emulator":{"name":"functions"},"function":{"name":"us-central1-api"},"extension":{},"message":"[runtime-status] [7916] firebase-admin has been stubbed. {\"adminResolution\":{\"declared\":true,\"installed\":true,\"version\":\"11.11.1\",\"resolution\":\"C:\\\\Users\\\\A\\\\Desktop\\\\bini\\\\Projects\\\\Amazone-Clone\\\\amazone-clone\\\\functions\\\\node_modules\\\\firebase-admin\\\\lib\\\\index.js\"}}"}}
[debug] [2024-02-18T06:42:04.656Z] [runtime-status] [7916] Functions runtime initialized. {"cwd":"C:\\Users\\A\\Desktop\\bini\\Projects\\Amazone-Clone\\amazone-clone\\functions","node_version":"18.17.0"} {"metadata":{"emulator":{"name":"functions"},"function":{"name":"us-central1-api"},"extension":{},"message":"[runtime-status] [7916] Functions runtime initialized. {\"cwd\":\"C:\\\\Users\\\\A\\\\Desktop\\\\bini\\\\Projects\\\\Amazone-Clone\\\\amazone-clone\\\\functions\",\"node_version\":\"18.17.0\"}"}}
[debug] [2024-02-18T06:42:04.656Z] [runtime-status] [7916] Listening to port: \\?\pipe\fire_emu_643741d4a53df573 {"metadata":{"emulator":{"name":"functions"},"function":{"name":"us-central1-api"},"extension":{},"message":"[runtime-status] [7916] Listening to port: \\\\?\\pipe\\fire_emu_643741d4a53df573"}}
[debug] [2024-02-18T06:42:04.767Z] [worker-us-central1-api-44da1fc7-0410-47bc-a89f-d4d0d57331a5]: IDLE {"metadata":{"emulator":{"name":"functions"},"function":{"name":"us-central1-api"},"extension":{},"message":"[worker-us-central1-api-44da1fc7-0410-47bc-a89f-d4d0d57331a5]: IDLE"}}
[debug] [2024-02-18T06:42:04.767Z] [worker-pool] submitRequest(triggerId=us-central1-api) {"metadata":{"emulator":{"name":"functions"},"message":"[worker-pool] submitRequest(triggerId=us-central1-api)"}}
[info] i  functions: Beginning execution of "us-central1-api" {"metadata":{"emulator":{"name":"functions"},"function":{"name":"us-central1-api"},"extension":{},"message":"Beginning execution of \"us-central1-api\""}}
[debug] [2024-02-18T06:42:04.769Z] [worker-us-central1-api-44da1fc7-0410-47bc-a89f-d4d0d57331a5]: BUSY {"metadata":{"emulator":{"name":"functions"},"function":{"name":"us-central1-api"},"extension":{},"message":"[worker-us-central1-api-44da1fc7-0410-47bc-a89f-d4d0d57331a5]: BUSY"}}
[debug] [2024-02-18T06:42:04.779Z] Finishing up request with event=pause {"metadata":{"emulator":{"name":"functions"},"function":{"name":"us-central1-api"},"extension":{},"message":"Finishing up request with event=pause"}}
[info] i  functions: Finished "us-central1-api" in 11.183ms {"metadata":{"emulator":{"name":"functions"},"function":{"name":"us-central1-api"},"extension":{},"message":"Finished \"us-central1-api\" in 11.183ms"}}
[debug] [2024-02-18T06:42:04.782Z] [worker-us-central1-api-44da1fc7-0410-47bc-a89f-d4d0d57331a5]: IDLE {"metadata":{"emulator":{"name":"functions"},"function":{"name":"us-central1-api"},"extension":{},"message":"[worker-us-central1-api-44da1fc7-0410-47bc-a89f-d4d0d57331a5]: IDLE"}}
[debug] [2024-02-18T06:42:04.783Z] Finishing up request with event=finish {"metadata":{"emulator":{"name":"functions"},"function":{"name":"us-central1-api"},"extension":{},"message":"Finishing up request with event=finish"}}
[debug] [2024-02-18T06:42:04.784Z] Finishing up request with event=close {"metadata":{"emulator":{"name":"functions"},"function":{"name":"us-central1-api"},"extension":{},"message":"Finishing up request with event=close"}}
[debug] [2024-02-18T06:42:04.784Z] [work-queue] {"queuedWork":[],"queueLength":0,"runningWork":[],"workRunningCount":0}
[debug] [2024-02-18T06:42:04.876Z] Functions emulator received unknown request at path /favicon.ico
[debug] [2024-02-18T06:43:20.818Z] [work-queue] {"queuedWork":["/e-clone-55334/us-central1/api/payments/create-2024-02-18T06:43:20.818Z"],"queueLength":1,"runningWork":[],"workRunningCount":0}
[debug] [2024-02-18T06:43:20.820Z] [work-queue] {"queuedWork":[],"queueLength":0,"runningWork":["/e-clone-55334/us-central1/api/payments/create-2024-02-18T06:43:20.818Z"],"workRunningCount":1}
[debug] [2024-02-18T06:43:20.820Z] Accepted request POST /e-clone-55334/us-central1/api/payments/create?total=218996 --> us-central1-api
[debug] [2024-02-18T06:43:20.825Z] [functions] Runtime ready! Sending request! {"metadata":{"emulator":{"name":"functions"},"message":"[functions] Runtime ready! Sending request!"}}
[debug] [2024-02-18T06:43:20.826Z] [functions] Got req.url=/e-clone-55334/us-central1/api/payments/create?total=218996, mapping to path=/payments/create?total=218996 {"metadata":{"emulator":{"name":"functions"},"message":"[functions] Got req.url=/e-clone-55334/us-central1/api/payments/create?total=218996, mapping to path=/payments/create?total=218996"}}
[debug] [2024-02-18T06:43:20.826Z] [worker-pool] submitRequest(triggerId=us-central1-api) {"metadata":{"emulator":{"name":"functions"},"message":"[worker-pool] submitRequest(triggerId=us-central1-api)"}}
[info] i  functions: Beginning execution of "us-central1-api" {"metadata":{"emulator":{"name":"functions"},"function":{"name":"us-central1-api"},"extension":{},"message":"Beginning execution of \"us-central1-api\""}}
[debug] [2024-02-18T06:43:20.827Z] [worker-us-central1-api-44da1fc7-0410-47bc-a89f-d4d0d57331a5]: BUSY {"metadata":{"emulator":{"name":"functions"},"function":{"name":"us-central1-api"},"extension":{},"message":"[worker-us-central1-api-44da1fc7-0410-47bc-a89f-d4d0d57331a5]: BUSY"}}
[info] >  Payment Request Recieved BOOM!!! for this amount >>>  218996 {"user":"Payment Request Recieved BOOM!!! for this amount >>>  218996","metadata":{"emulator":{"name":"functions"},"function":{"name":"us-central1-api"},"extension":{},"message":"\u001b[90m> \u001b[39m Payment Request Recieved BOOM!!! for this amount >>>  218996"}}
[debug] [2024-02-18T06:43:37.410Z] Finishing up request with event=pause {"metadata":{"emulator":{"name":"functions"},"function":{"name":"us-central1-api"},"extension":{},"message":"Finishing up request with event=pause"}}
[info] i  functions: Finished "us-central1-api" in 16583.1907ms {"metadata":{"emulator":{"name":"functions"},"function":{"name":"us-central1-api"},"extension":{},"message":"Finished \"us-central1-api\" in 16583.1907ms"}}
[debug] [2024-02-18T06:43:37.411Z] [worker-us-central1-api-44da1fc7-0410-47bc-a89f-d4d0d57331a5]: IDLE {"metadata":{"emulator":{"name":"functions"},"function":{"name":"us-central1-api"},"extension":{},"message":"[worker-us-central1-api-44da1fc7-0410-47bc-a89f-d4d0d57331a5]: IDLE"}}
[debug] [2024-02-18T06:43:37.411Z] Finishing up request with event=finish {"metadata":{"emulator":{"name":"functions"},"function":{"name":"us-central1-api"},"extension":{},"message":"Finishing up request with event=finish"}}
[debug] [2024-02-18T06:43:37.412Z] Finishing up request with event=close {"metadata":{"emulator":{"name":"functions"},"function":{"name":"us-central1-api"},"extension":{},"message":"Finishing up request with event=close"}}
[debug] [2024-02-18T06:43:37.412Z] [work-queue] {"queuedWork":[],"queueLength":0,"runningWork":[],"workRunningCount":0}
[debug] [2024-02-18T06:43:38.710Z] [work-queue] {"queuedWork":["/e-clone-55334/us-central1/api/payments/create-2024-02-18T06:43:38.710Z"],"queueLength":1,"runningWork":[],"workRunningCount":0}
[debug] [2024-02-18T06:43:38.710Z] [work-queue] {"queuedWork":[],"queueLength":0,"runningWork":["/e-clone-55334/us-central1/api/payments/create-2024-02-18T06:43:38.710Z"],"workRunningCount":1}
[debug] [2024-02-18T06:43:38.710Z] Accepted request POST /e-clone-55334/us-central1/api/payments/create?total=0 --> us-central1-api
[debug] [2024-02-18T06:43:38.714Z] [functions] Runtime ready! Sending request! {"metadata":{"emulator":{"name":"functions"},"message":"[functions] Runtime ready! Sending request!"}}
[debug] [2024-02-18T06:43:38.714Z] [functions] Got req.url=/e-clone-55334/us-central1/api/payments/create?total=0, mapping to path=/payments/create?total=0 {"metadata":{"emulator":{"name":"functions"},"message":"[functions] Got req.url=/e-clone-55334/us-central1/api/payments/create?total=0, mapping to path=/payments/create?total=0"}}
[debug] [2024-02-18T06:43:38.714Z] [worker-pool] submitRequest(triggerId=us-central1-api) {"metadata":{"emulator":{"name":"functions"},"message":"[worker-pool] submitRequest(triggerId=us-central1-api)"}}
[info] i  functions: Beginning execution of "us-central1-api" {"metadata":{"emulator":{"name":"functions"},"function":{"name":"us-central1-api"},"extension":{},"message":"Beginning execution of \"us-central1-api\""}}
[debug] [2024-02-18T06:43:38.715Z] [worker-us-central1-api-44da1fc7-0410-47bc-a89f-d4d0d57331a5]: BUSY {"metadata":{"emulator":{"name":"functions"},"function":{"name":"us-central1-api"},"extension":{},"message":"[worker-us-central1-api-44da1fc7-0410-47bc-a89f-d4d0d57331a5]: BUSY"}}
[info] >  Payment Request Recieved BOOM!!! for this amount >>>  0 {"user":"Payment Request Recieved BOOM!!! for this amount >>>  0","metadata":{"emulator":{"name":"functions"},"function":{"name":"us-central1-api"},"extension":{},"message":"\u001b[90m> \u001b[39m Payment Request Recieved BOOM!!! for this amount >>>  0"}}
[info] >  C:\Users\A\Desktop\bini\Projects\Amazone-Clone\amazone-clone\functions\node_modules\stripe\cjs\Error.js:10 {"user":"C:\\Users\\A\\Desktop\\bini\\Projects\\Amazone-Clone\\amazone-clone\\functions\\node_modules\\stripe\\cjs\\Error.js:10\r","metadata":{"emulator":{"name":"functions"},"function":{"name":"us-central1-api"},"extension":{},"message":"\u001b[90m> \u001b[39m C:\\Users\\A\\Desktop\\bini\\Projects\\Amazone-Clone\\amazone-clone\\functions\\node_modules\\stripe\\cjs\\Error.js:10\r"}}
[info] >              return new StripeInvalidRequestError(rawStripeError); {"user":"            return new StripeInvalidRequestError(rawStripeError);\r","metadata":{"emulator":{"name":"functions"},"function":{"name":"us-central1-api"},"extension":{},"message":"\u001b[90m> \u001b[39m             return new StripeInvalidRequestError(rawStripeError);\r"}}
[info] >                     ^ {"user":"                   ^\r","metadata":{"emulator":{"name":"functions"},"function":{"name":"us-central1-api"},"extension":{},"message":"\u001b[90m> \u001b[39m                    ^\r"}}
[info] >   {"user":"\r","metadata":{"emulator":{"name":"functions"},"function":{"name":"us-central1-api"},"extension":{},"message":"\u001b[90m> \u001b[39m \r"}}
[info] >  StripeInvalidRequestError: This value must be greater than or equal to 1. {"user":"StripeInvalidRequestError: This value must be greater than or equal to 1.\r","metadata":{"emulator":{"name":"functions"},"function":{"name":"us-central1-api"},"extension":{},"message":"\u001b[90m> \u001b[39m StripeInvalidRequestError: This value must be greater than or equal to 1.\r"}}
[info] >      at StripeError.generate (C:\Users\A\Desktop\bini\Projects\Amazone-Clone\amazone-clone\functions\node_modules\stripe\cjs\Error.js:10:20) {"user":"    at StripeError.generate (C:\\Users\\A\\Desktop\\bini\\Projects\\Amazone-Clone\\amazone-clone\\functions\\node_modules\\stripe\\cjs\\Error.js:10:20)\r","metadata":{"emulator":{"name":"functions"},"function":{"name":"us-central1-api"},"extension":{},"message":"\u001b[90m> \u001b[39m     at StripeError.generate (C:\\Users\\A\\Desktop\\bini\\Projects\\Amazone-Clone\\amazone-clone\\functions\\node_modules\\stripe\\cjs\\Error.js:10:20)\r"}}
[info] >      at res.toJSON.then.Error_js_1.StripeAPIError.message (C:\Users\A\Desktop\bini\Projects\Amazone-Clone\amazone-clone\functions\node_modules\stripe\cjs\RequestSender.js:105:54) {"user":"    at res.toJSON.then.Error_js_1.StripeAPIError.message (C:\\Users\\A\\Desktop\\bini\\Projects\\Amazone-Clone\\amazone-clone\\functions\\node_modules\\stripe\\cjs\\RequestSender.js:105:54)\r","metadata":{"emulator":{"name":"functions"},"function":{"name":"us-central1-api"},"extension":{},"message":"\u001b[90m> \u001b[39m     at res.toJSON.then.Error_js_1.StripeAPIError.message (C:\\Users\\A\\Desktop\\bini\\Projects\\Amazone-Clone\\amazone-clone\\functions\\node_modules\\stripe\\cjs\\RequestSender.js:105:54)\r"}}
[info] >      at process.processTicksAndRejections (node:internal/process/task_queues:95:5) { {"user":"    at process.processTicksAndRejections (node:internal/process/task_queues:95:5) {\r","metadata":{"emulator":{"name":"functions"},"function":{"name":"us-central1-api"},"extension":{},"message":"\u001b[90m> \u001b[39m     at process.processTicksAndRejections (node:internal/process/task_queues:95:5) {\r"}}
[info] >    type: 'StripeInvalidRequestError', {"user":"  type: 'StripeInvalidRequestError',\r","metadata":{"emulator":{"name":"functions"},"function":{"name":"us-central1-api"},"extension":{},"message":"\u001b[90m> \u001b[39m   type: 'StripeInvalidRequestError',\r"}}
[info] >    raw: { {"user":"  raw: {\r","metadata":{"emulator":{"name":"functions"},"function":{"name":"us-central1-api"},"extension":{},"message":"\u001b[90m> \u001b[39m   raw: {\r"}}
[info] >      code: 'parameter_invalid_integer', {"user":"    code: 'parameter_invalid_integer',\r","metadata":{"emulator":{"name":"functions"},"function":{"name":"us-central1-api"},"extension":{},"message":"\u001b[90m> \u001b[39m     code: 'parameter_invalid_integer',\r"}}
[info] >      doc_url: 'https://stripe.com/docs/error-codes/parameter-invalid-integer', {"user":"    doc_url: 'https://stripe.com/docs/error-codes/parameter-invalid-integer',\r","metadata":{"emulator":{"name":"functions"},"function":{"name":"us-central1-api"},"extension":{},"message":"\u001b[90m> \u001b[39m     doc_url: 'https://stripe.com/docs/error-codes/parameter-invalid-integer',\r"}}
[info] >      message: 'This value must be greater than or equal to 1.', {"user":"    message: 'This value must be greater than or equal to 1.',\r","metadata":{"emulator":{"name":"functions"},"function":{"name":"us-central1-api"},"extension":{},"message":"\u001b[90m> \u001b[39m     message: 'This value must be greater than or equal to 1.',\r"}}
[info] >      param: 'amount', {"user":"    param: 'amount',\r","metadata":{"emulator":{"name":"functions"},"function":{"name":"us-central1-api"},"extension":{},"message":"\u001b[90m> \u001b[39m     param: 'amount',\r"}}
[info] >      request_log_url: 'https://dashboard.stripe.com/test/logs/req_syoqyBodF1fUsO?t=1708238619', {"user":"    request_log_url: 'https://dashboard.stripe.com/test/logs/req_syoqyBodF1fUsO?t=1708238619',\r","metadata":{"emulator":{"name":"functions"},"function":{"name":"us-central1-api"},"extension":{},"message":"\u001b[90m> \u001b[39m     request_log_url: 'https://dashboard.stripe.com/test/logs/req_syoqyBodF1fUsO?t=1708238619',\r"}}
[info] >      type: 'invalid_request_error', {"user":"    type: 'invalid_request_error',\r","metadata":{"emulator":{"name":"functions"},"function":{"name":"us-central1-api"},"extension":{},"message":"\u001b[90m> \u001b[39m     type: 'invalid_request_error',\r"}}
[info] >      headers: { {"user":"    headers: {\r","metadata":{"emulator":{"name":"functions"},"function":{"name":"us-central1-api"},"extension":{},"message":"\u001b[90m> \u001b[39m     headers: {\r"}}
[info] >        server: 'nginx', {"user":"      server: 'nginx',\r","metadata":{"emulator":{"name":"functions"},"function":{"name":"us-central1-api"},"extension":{},"message":"\u001b[90m> \u001b[39m       server: 'nginx',\r"}}
[info] >        date: 'Sun, 18 Feb 2024 06:43:39 GMT', {"user":"      date: 'Sun, 18 Feb 2024 06:43:39 GMT',\r","metadata":{"emulator":{"name":"functions"},"function":{"name":"us-central1-api"},"extension":{},"message":"\u001b[90m> \u001b[39m       date: 'Sun, 18 Feb 2024 06:43:39 GMT',\r"}}
[info] >        'content-type': 'application/json', {"user":"      'content-type': 'application/json',\r","metadata":{"emulator":{"name":"functions"},"function":{"name":"us-central1-api"},"extension":{},"message":"\u001b[90m> \u001b[39m       'content-type': 'application/json',\r"}}
[info] >        'content-length': '363', {"user":"      'content-length': '363',\r","metadata":{"emulator":{"name":"functions"},"function":{"name":"us-central1-api"},"extension":{},"message":"\u001b[90m> \u001b[39m       'content-length': '363',\r"}}
[info] >        connection: 'keep-alive', {"user":"      connection: 'keep-alive',\r","metadata":{"emulator":{"name":"functions"},"function":{"name":"us-central1-api"},"extension":{},"message":"\u001b[90m> \u001b[39m       connection: 'keep-alive',\r"}}
[info] >        'access-control-allow-credentials': 'true', {"user":"      'access-control-allow-credentials': 'true',\r","metadata":{"emulator":{"name":"functions"},"function":{"name":"us-central1-api"},"extension":{},"message":"\u001b[90m> \u001b[39m       'access-control-allow-credentials': 'true',\r"}}
[info] >        'access-control-allow-methods': 'GET,HEAD,PUT,PATCH,POST,DELETE', {"user":"      'access-control-allow-methods': 'GET,HEAD,PUT,PATCH,POST,DELETE',\r","metadata":{"emulator":{"name":"functions"},"function":{"name":"us-central1-api"},"extension":{},"message":"\u001b[90m> \u001b[39m       'access-control-allow-methods': 'GET,HEAD,PUT,PATCH,POST,DELETE',\r"}}
[info] >        'access-control-allow-origin': '*', {"user":"      'access-control-allow-origin': '*',\r","metadata":{"emulator":{"name":"functions"},"function":{"name":"us-central1-api"},"extension":{},"message":"\u001b[90m> \u001b[39m       'access-control-allow-origin': '*',\r"}}
[info] >        'access-control-expose-headers': 'Request-Id, Stripe-Manage-Version, Stripe-Should-Retry, X-Stripe-External-Auth-Required, X-Stripe-Privileged-Session-Required', {"user":"      'access-control-expose-headers': 'Request-Id, Stripe-Manage-Version, Stripe-Should-Retry, X-Stripe-External-Auth-Required, X-Stripe-Privileged-Session-Required',\r","metadata":{"emulator":{"name":"functions"},"function":{"name":"us-central1-api"},"extension":{},"message":"\u001b[90m> \u001b[39m       'access-control-expose-headers': 'Request-Id, Stripe-Manage-Version, Stripe-Should-Retry, X-Stripe-External-Auth-Required, X-Stripe-Privileged-Session-Required',\r"}}
[info] >        'access-control-max-age': '300', {"user":"      'access-control-max-age': '300',\r","metadata":{"emulator":{"name":"functions"},"function":{"name":"us-central1-api"},"extension":{},"message":"\u001b[90m> \u001b[39m       'access-control-max-age': '300',\r"}}
[info] >        'cache-control': 'no-cache, no-store', {"user":"      'cache-control': 'no-cache, no-store',\r","metadata":{"emulator":{"name":"functions"},"function":{"name":"us-central1-api"},"extension":{},"message":"\u001b[90m> \u001b[39m       'cache-control': 'no-cache, no-store',\r"}}
[info] >        'content-security-policy': "report-uri https://q.stripe.com/csp-report?p=v1%2Fpayment_intents; block-all-mixed-content; default-src 'none'; base-uri 'none'; form-action 'none'; frame-ancestors 'none'; img-src 'self'; script-src 'self' 'report-sample'; style-src 'self'", {"user":"      'content-security-policy': \"report-uri https://q.stripe.com/csp-report?p=v1%2Fpayment_intents; block-all-mixed-content; default-src 'none'; base-uri 'none'; form-action 'none'; frame-ancestors 'none'; img-src 'self'; script-src 'self' 'report-sample'; style-src 'self'\",\r","metadata":{"emulator":{"name":"functions"},"function":{"name":"us-central1-api"},"extension":{},"message":"\u001b[90m> \u001b[39m       'content-security-policy': \"report-uri https://q.stripe.com/csp-report?p=v1%2Fpayment_intents; block-all-mixed-content; default-src 'none'; base-uri 'none'; form-action 'none'; frame-ancestors 'none'; img-src 'self'; script-src 'self' 'report-sample'; style-src 'self'\",\r"}}
[info] >        'idempotency-key': 'stripe-node-retry-b3077750-f66f-40bd-b42a-7c837c7b3005', {"user":"      'idempotency-key': 'stripe-node-retry-b3077750-f66f-40bd-b42a-7c837c7b3005',\r","metadata":{"emulator":{"name":"functions"},"function":{"name":"us-central1-api"},"extension":{},"message":"\u001b[90m> \u001b[39m       'idempotency-key': 'stripe-node-retry-b3077750-f66f-40bd-b42a-7c837c7b3005',\r"}}
[info] >        'original-request': 'req_syoqyBodF1fUsO', {"user":"      'original-request': 'req_syoqyBodF1fUsO',\r","metadata":{"emulator":{"name":"functions"},"function":{"name":"us-central1-api"},"extension":{},"message":"\u001b[90m> \u001b[39m       'original-request': 'req_syoqyBodF1fUsO',\r"}}
[info] >        'request-id': 'req_syoqyBodF1fUsO', {"user":"      'request-id': 'req_syoqyBodF1fUsO',\r","metadata":{"emulator":{"name":"functions"},"function":{"name":"us-central1-api"},"extension":{},"message":"\u001b[90m> \u001b[39m       'request-id': 'req_syoqyBodF1fUsO',\r"}}
[info] >        'stripe-version': '2023-10-16', {"user":"      'stripe-version': '2023-10-16',\r","metadata":{"emulator":{"name":"functions"},"function":{"name":"us-central1-api"},"extension":{},"message":"\u001b[90m> \u001b[39m       'stripe-version': '2023-10-16',\r"}}
[info] >        vary: 'Origin', {"user":"      vary: 'Origin',\r","metadata":{"emulator":{"name":"functions"},"function":{"name":"us-central1-api"},"extension":{},"message":"\u001b[90m> \u001b[39m       vary: 'Origin',\r"}}
[info] >        'x-stripe-routing-context-priority-tier': 'api-testmode', {"user":"      'x-stripe-routing-context-priority-tier': 'api-testmode',\r","metadata":{"emulator":{"name":"functions"},"function":{"name":"us-central1-api"},"extension":{},"message":"\u001b[90m> \u001b[39m       'x-stripe-routing-context-priority-tier': 'api-testmode',\r"}}
[info] >        'strict-transport-security': 'max-age=63072000; includeSubDomains; preload' {"user":"      'strict-transport-security': 'max-age=63072000; includeSubDomains; preload'\r","metadata":{"emulator":{"name":"functions"},"function":{"name":"us-central1-api"},"extension":{},"message":"\u001b[90m> \u001b[39m       'strict-transport-security': 'max-age=63072000; includeSubDomains; preload'\r"}}
[info] >      }, {"user":"    },\r","metadata":{"emulator":{"name":"functions"},"function":{"name":"us-central1-api"},"extension":{},"message":"\u001b[90m> \u001b[39m     },\r"}}
[info] >      statusCode: 400, {"user":"    statusCode: 400,\r","metadata":{"emulator":{"name":"functions"},"function":{"name":"us-central1-api"},"extension":{},"message":"\u001b[90m> \u001b[39m     statusCode: 400,\r"}}
[info] >      requestId: 'req_syoqyBodF1fUsO' {"user":"    requestId: 'req_syoqyBodF1fUsO'\r","metadata":{"emulator":{"name":"functions"},"function":{"name":"us-central1-api"},"extension":{},"message":"\u001b[90m> \u001b[39m     requestId: 'req_syoqyBodF1fUsO'\r"}}
[info] >    }, {"user":"  },\r","metadata":{"emulator":{"name":"functions"},"function":{"name":"us-central1-api"},"extension":{},"message":"\u001b[90m> \u001b[39m   },\r"}}
[info] >    rawType: 'invalid_request_error', {"user":"  rawType: 'invalid_request_error',\r","metadata":{"emulator":{"name":"functions"},"function":{"name":"us-central1-api"},"extension":{},"message":"\u001b[90m> \u001b[39m   rawType: 'invalid_request_error',\r"}}
[info] >    code: 'parameter_invalid_integer', {"user":"  code: 'parameter_invalid_integer',\r","metadata":{"emulator":{"name":"functions"},"function":{"name":"us-central1-api"},"extension":{},"message":"\u001b[90m> \u001b[39m   code: 'parameter_invalid_integer',\r"}}
[info] >    doc_url: 'https://stripe.com/docs/error-codes/parameter-invalid-integer', {"user":"  doc_url: 'https://stripe.com/docs/error-codes/parameter-invalid-integer',\r","metadata":{"emulator":{"name":"functions"},"function":{"name":"us-central1-api"},"extension":{},"message":"\u001b[90m> \u001b[39m   doc_url: 'https://stripe.com/docs/error-codes/parameter-invalid-integer',\r"}}
[info] >    param: 'amount', {"user":"  param: 'amount',\r","metadata":{"emulator":{"name":"functions"},"function":{"name":"us-central1-api"},"extension":{},"message":"\u001b[90m> \u001b[39m   param: 'amount',\r"}}
[info] >    detail: undefined, {"user":"  detail: undefined,\r","metadata":{"emulator":{"name":"functions"},"function":{"name":"us-central1-api"},"extension":{},"message":"\u001b[90m> \u001b[39m   detail: undefined,\r"}}
[info] >    headers: { {"user":"  headers: {\r","metadata":{"emulator":{"name":"functions"},"function":{"name":"us-central1-api"},"extension":{},"message":"\u001b[90m> \u001b[39m   headers: {\r"}}
[info] >      server: 'nginx', {"user":"    server: 'nginx',\r","metadata":{"emulator":{"name":"functions"},"function":{"name":"us-central1-api"},"extension":{},"message":"\u001b[90m> \u001b[39m     server: 'nginx',\r"}}
[info] >      date: 'Sun, 18 Feb 2024 06:43:39 GMT', {"user":"    date: 'Sun, 18 Feb 2024 06:43:39 GMT',\r","metadata":{"emulator":{"name":"functions"},"function":{"name":"us-central1-api"},"extension":{},"message":"\u001b[90m> \u001b[39m     date: 'Sun, 18 Feb 2024 06:43:39 GMT',\r"}}
[info] >      'content-type': 'application/json', {"user":"    'content-type': 'application/json',\r","metadata":{"emulator":{"name":"functions"},"function":{"name":"us-central1-api"},"extension":{},"message":"\u001b[90m> \u001b[39m     'content-type': 'application/json',\r"}}
[info] >      'content-length': '363', {"user":"    'content-length': '363',\r","metadata":{"emulator":{"name":"functions"},"function":{"name":"us-central1-api"},"extension":{},"message":"\u001b[90m> \u001b[39m     'content-length': '363',\r"}}
[info] >      connection: 'keep-alive', {"user":"    connection: 'keep-alive',\r","metadata":{"emulator":{"name":"functions"},"function":{"name":"us-central1-api"},"extension":{},"message":"\u001b[90m> \u001b[39m     connection: 'keep-alive',\r"}}
[info] >      'access-control-allow-credentials': 'true', {"user":"    'access-control-allow-credentials': 'true',\r","metadata":{"emulator":{"name":"functions"},"function":{"name":"us-central1-api"},"extension":{},"message":"\u001b[90m> \u001b[39m     'access-control-allow-credentials': 'true',\r"}}
[info] >      'access-control-allow-methods': 'GET,HEAD,PUT,PATCH,POST,DELETE', {"user":"    'access-control-allow-methods': 'GET,HEAD,PUT,PATCH,POST,DELETE',\r","metadata":{"emulator":{"name":"functions"},"function":{"name":"us-central1-api"},"extension":{},"message":"\u001b[90m> \u001b[39m     'access-control-allow-methods': 'GET,HEAD,PUT,PATCH,POST,DELETE',\r"}}
[info] >      'access-control-allow-origin': '*', {"user":"    'access-control-allow-origin': '*',\r","metadata":{"emulator":{"name":"functions"},"function":{"name":"us-central1-api"},"extension":{},"message":"\u001b[90m> \u001b[39m     'access-control-allow-origin': '*',\r"}}
[info] >      'access-control-expose-headers': 'Request-Id, Stripe-Manage-Version, Stripe-Should-Retry, X-Stripe-External-Auth-Required, X-Stripe-Privileged-Session-Required', {"user":"    'access-control-expose-headers': 'Request-Id, Stripe-Manage-Version, Stripe-Should-Retry, X-Stripe-External-Auth-Required, X-Stripe-Privileged-Session-Required',\r","metadata":{"emulator":{"name":"functions"},"function":{"name":"us-central1-api"},"extension":{},"message":"\u001b[90m> \u001b[39m     'access-control-expose-headers': 'Request-Id, Stripe-Manage-Version, Stripe-Should-Retry, X-Stripe-External-Auth-Required, X-Stripe-Privileged-Session-Required',\r"}}
[info] >      'access-control-max-age': '300', {"user":"    'access-control-max-age': '300',\r","metadata":{"emulator":{"name":"functions"},"function":{"name":"us-central1-api"},"extension":{},"message":"\u001b[90m> \u001b[39m     'access-control-max-age': '300',\r"}}
[info] >      'cache-control': 'no-cache, no-store', {"user":"    'cache-control': 'no-cache, no-store',\r","metadata":{"emulator":{"name":"functions"},"function":{"name":"us-central1-api"},"extension":{},"message":"\u001b[90m> \u001b[39m     'cache-control': 'no-cache, no-store',\r"}}
[info] >      'content-security-policy': "report-uri https://q.stripe.com/csp-report?p=v1%2Fpayment_intents; block-all-mixed-content; default-src 'none'; base-uri 'none'; form-action 'none'; frame-ancestors 'none'; img-src 'self'; script-src 'self' 'report-sample'; style-src 'self'", {"user":"    'content-security-policy': \"report-uri https://q.stripe.com/csp-report?p=v1%2Fpayment_intents; block-all-mixed-content; default-src 'none'; base-uri 'none'; form-action 'none'; frame-ancestors 'none'; img-src 'self'; script-src 'self' 'report-sample'; style-src 'self'\",\r","metadata":{"emulator":{"name":"functions"},"function":{"name":"us-central1-api"},"extension":{},"message":"\u001b[90m> \u001b[39m     'content-security-policy': \"report-uri https://q.stripe.com/csp-report?p=v1%2Fpayment_intents; block-all-mixed-content; default-src 'none'; base-uri 'none'; form-action 'none'; frame-ancestors 'none'; img-src 'self'; script-src 'self' 'report-sample'; style-src 'self'\",\r"}}
[info] >      'idempotency-key': 'stripe-node-retry-b3077750-f66f-40bd-b42a-7c837c7b3005', {"user":"    'idempotency-key': 'stripe-node-retry-b3077750-f66f-40bd-b42a-7c837c7b3005',\r","metadata":{"emulator":{"name":"functions"},"function":{"name":"us-central1-api"},"extension":{},"message":"\u001b[90m> \u001b[39m     'idempotency-key': 'stripe-node-retry-b3077750-f66f-40bd-b42a-7c837c7b3005',\r"}}
[info] >      'original-request': 'req_syoqyBodF1fUsO', {"user":"    'original-request': 'req_syoqyBodF1fUsO',\r","metadata":{"emulator":{"name":"functions"},"function":{"name":"us-central1-api"},"extension":{},"message":"\u001b[90m> \u001b[39m     'original-request': 'req_syoqyBodF1fUsO',\r"}}
[info] >      'request-id': 'req_syoqyBodF1fUsO', {"user":"    'request-id': 'req_syoqyBodF1fUsO',\r","metadata":{"emulator":{"name":"functions"},"function":{"name":"us-central1-api"},"extension":{},"message":"\u001b[90m> \u001b[39m     'request-id': 'req_syoqyBodF1fUsO',\r"}}
[info] >      'stripe-version': '2023-10-16', {"user":"    'stripe-version': '2023-10-16',\r","metadata":{"emulator":{"name":"functions"},"function":{"name":"us-central1-api"},"extension":{},"message":"\u001b[90m> \u001b[39m     'stripe-version': '2023-10-16',\r"}}
[info] >      vary: 'Origin', {"user":"    vary: 'Origin',\r","metadata":{"emulator":{"name":"functions"},"function":{"name":"us-central1-api"},"extension":{},"message":"\u001b[90m> \u001b[39m     vary: 'Origin',\r"}}
[info] >      'x-stripe-routing-context-priority-tier': 'api-testmode', {"user":"    'x-stripe-routing-context-priority-tier': 'api-testmode',\r","metadata":{"emulator":{"name":"functions"},"function":{"name":"us-central1-api"},"extension":{},"message":"\u001b[90m> \u001b[39m     'x-stripe-routing-context-priority-tier': 'api-testmode',\r"}}
[info] >      'strict-transport-security': 'max-age=63072000; includeSubDomains; preload' {"user":"    'strict-transport-security': 'max-age=63072000; includeSubDomains; preload'\r","metadata":{"emulator":{"name":"functions"},"function":{"name":"us-central1-api"},"extension":{},"message":"\u001b[90m> \u001b[39m     'strict-transport-security': 'max-age=63072000; includeSubDomains; preload'\r"}}
[info] >    }, {"user":"  },\r","metadata":{"emulator":{"name":"functions"},"function":{"name":"us-central1-api"},"extension":{},"message":"\u001b[90m> \u001b[39m   },\r"}}
[info] >    requestId: 'req_syoqyBodF1fUsO', {"user":"  requestId: 'req_syoqyBodF1fUsO',\r","metadata":{"emulator":{"name":"functions"},"function":{"name":"us-central1-api"},"extension":{},"message":"\u001b[90m> \u001b[39m   requestId: 'req_syoqyBodF1fUsO',\r"}}
[info] >    statusCode: 400, {"user":"  statusCode: 400,\r","metadata":{"emulator":{"name":"functions"},"function":{"name":"us-central1-api"},"extension":{},"message":"\u001b[90m> \u001b[39m   statusCode: 400,\r"}}
[info] >    charge: undefined, {"user":"  charge: undefined,\r","metadata":{"emulator":{"name":"functions"},"function":{"name":"us-central1-api"},"extension":{},"message":"\u001b[90m> \u001b[39m   charge: undefined,\r"}}
[info] >    decline_code: undefined, {"user":"  decline_code: undefined,\r","metadata":{"emulator":{"name":"functions"},"function":{"name":"us-central1-api"},"extension":{},"message":"\u001b[90m> \u001b[39m   decline_code: undefined,\r"}}
[info] >    payment_intent: undefined, {"user":"  payment_intent: undefined,\r","metadata":{"emulator":{"name":"functions"},"function":{"name":"us-central1-api"},"extension":{},"message":"\u001b[90m> \u001b[39m   payment_intent: undefined,\r"}}
[info] >    payment_method: undefined, {"user":"  payment_method: undefined,\r","metadata":{"emulator":{"name":"functions"},"function":{"name":"us-central1-api"},"extension":{},"message":"\u001b[90m> \u001b[39m   payment_method: undefined,\r"}}
[info] >    payment_method_type: undefined, {"user":"  payment_method_type: undefined,\r","metadata":{"emulator":{"name":"functions"},"function":{"name":"us-central1-api"},"extension":{},"message":"\u001b[90m> \u001b[39m   payment_method_type: undefined,\r"}}
[info] >    setup_intent: undefined, {"user":"  setup_intent: undefined,\r","metadata":{"emulator":{"name":"functions"},"function":{"name":"us-central1-api"},"extension":{},"message":"\u001b[90m> \u001b[39m   setup_intent: undefined,\r"}}
[info] >    source: undefined {"user":"  source: undefined\r","metadata":{"emulator":{"name":"functions"},"function":{"name":"us-central1-api"},"extension":{},"message":"\u001b[90m> \u001b[39m   source: undefined\r"}}
[info] >  } {"user":"}\r","metadata":{"emulator":{"name":"functions"},"function":{"name":"us-central1-api"},"extension":{},"message":"\u001b[90m> \u001b[39m }\r"}}
[info] >   {"user":"\r","metadata":{"emulator":{"name":"functions"},"function":{"name":"us-central1-api"},"extension":{},"message":"\u001b[90m> \u001b[39m \r"}}
[info] >  Node.js v18.17.0 {"user":"Node.js v18.17.0\r","metadata":{"emulator":{"name":"functions"},"function":{"name":"us-central1-api"},"extension":{},"message":"\u001b[90m> \u001b[39m Node.js v18.17.0\r"}}
[error] i  Request to function failed: Error: socket hang up {"metadata":{"emulator":{"name":"functions"},"function":{"name":"us-central1-api"},"extension":{},"message":"Request to function failed: Error: socket hang up"}}
[debug] [2024-02-18T06:43:48.442Z] [work-queue] {"queuedWork":[],"queueLength":0,"runningWork":[],"workRunningCount":0}
[debug] [2024-02-18T06:43:48.443Z] [worker-us-central1-api-44da1fc7-0410-47bc-a89f-d4d0d57331a5]: exited {"metadata":{"emulator":{"name":"functions"},"function":{"name":"us-central1-api"},"extension":{},"message":"[worker-us-central1-api-44da1fc7-0410-47bc-a89f-d4d0d57331a5]: exited"}}
[debug] [2024-02-18T06:43:48.443Z] [worker-us-central1-api-44da1fc7-0410-47bc-a89f-d4d0d57331a5]: FINISHED {"metadata":{"emulator":{"name":"functions"},"function":{"name":"us-central1-api"},"extension":{},"message":"[worker-us-central1-api-44da1fc7-0410-47bc-a89f-d4d0d57331a5]: FINISHED"}}
[debug] [2024-02-18T06:47:04.089Z] [work-queue] {"queuedWork":["/e-clone-55334/us-central1/api/payments/create-2024-02-18T06:47:04.089Z"],"queueLength":1,"runningWork":[],"workRunningCount":0}
[debug] [2024-02-18T06:47:04.089Z] [work-queue] {"queuedWork":[],"queueLength":0,"runningWork":["/e-clone-55334/us-central1/api/payments/create-2024-02-18T06:47:04.089Z"],"workRunningCount":1}
[debug] [2024-02-18T06:47:04.089Z] Accepted request POST /e-clone-55334/us-central1/api/payments/create?total=110694 --> us-central1-api
[debug] [2024-02-18T06:47:04.094Z] [functions] Runtime ready! Sending request! {"metadata":{"emulator":{"name":"functions"},"message":"[functions] Runtime ready! Sending request!"}}
[debug] [2024-02-18T06:47:04.094Z] [functions] Got req.url=/e-clone-55334/us-central1/api/payments/create?total=110694, mapping to path=/payments/create?total=110694 {"metadata":{"emulator":{"name":"functions"},"message":"[functions] Got req.url=/e-clone-55334/us-central1/api/payments/create?total=110694, mapping to path=/payments/create?total=110694"}}
[debug] [2024-02-18T06:47:04.095Z] [worker-pool] Cleaned up workers for us-central1-api: 1 --> 0 {"metadata":{"emulator":{"name":"functions"},"message":"[worker-pool] Cleaned up workers for us-central1-api: 1 --> 0"}}
[debug] [2024-02-18T06:47:04.149Z] [worker-pool] addWorker(us-central1-api) {"metadata":{"emulator":{"name":"functions"},"message":"[worker-pool] addWorker(us-central1-api)"}}
[debug] [2024-02-18T06:47:04.150Z] [worker-pool] Adding worker with key us-central1-api, total=1 {"metadata":{"emulator":{"name":"functions"},"message":"[worker-pool] Adding worker with key us-central1-api, total=1"}}
[debug] [2024-02-18T06:47:06.249Z] [runtime-status] [11992] Resolved module firebase-admin {"declared":true,"installed":true,"version":"11.11.1","resolution":"C:\\Users\\A\\Desktop\\bini\\Projects\\Amazone-Clone\\amazone-clone\\functions\\node_modules\\firebase-admin\\lib\\index.js"} {"metadata":{"emulator":{"name":"functions"},"function":{"name":"us-central1-api"},"extension":{},"message":"[runtime-status] [11992] Resolved module firebase-admin {\"declared\":true,\"installed\":true,\"version\":\"11.11.1\",\"resolution\":\"C:\\\\Users\\\\A\\\\Desktop\\\\bini\\\\Projects\\\\Amazone-Clone\\\\amazone-clone\\\\functions\\\\node_modules\\\\firebase-admin\\\\lib\\\\index.js\"}"}}
[debug] [2024-02-18T06:47:06.252Z] [runtime-status] [11992] Resolved module firebase-functions {"declared":true,"installed":true,"version":"4.7.0","resolution":"C:\\Users\\A\\Desktop\\bini\\Projects\\Amazone-Clone\\amazone-clone\\functions\\node_modules\\firebase-functions\\lib\\v1\\index.js"} {"metadata":{"emulator":{"name":"functions"},"function":{"name":"us-central1-api"},"extension":{},"message":"[runtime-status] [11992] Resolved module firebase-functions {\"declared\":true,\"installed\":true,\"version\":\"4.7.0\",\"resolution\":\"C:\\\\Users\\\\A\\\\Desktop\\\\bini\\\\Projects\\\\Amazone-Clone\\\\amazone-clone\\\\functions\\\\node_modules\\\\firebase-functions\\\\lib\\\\v1\\\\index.js\"}"}}
[debug] [2024-02-18T06:47:06.253Z] [runtime-status] [11992] Outgoing network have been stubbed. [{"name":"http","status":"mocked"},{"name":"http","status":"mocked"},{"name":"https","status":"mocked"},{"name":"https","status":"mocked"},{"name":"net","status":"mocked"}] {"metadata":{"emulator":{"name":"functions"},"function":{"name":"us-central1-api"},"extension":{},"message":"[runtime-status] [11992] Outgoing network have been stubbed. [{\"name\":\"http\",\"status\":\"mocked\"},{\"name\":\"http\",\"status\":\"mocked\"},{\"name\":\"https\",\"status\":\"mocked\"},{\"name\":\"https\",\"status\":\"mocked\"},{\"name\":\"net\",\"status\":\"mocked\"}]"}}
[debug] [2024-02-18T06:47:06.256Z] [runtime-status] [11992] Resolved module firebase-functions {"declared":true,"installed":true,"version":"4.7.0","resolution":"C:\\Users\\A\\Desktop\\bini\\Projects\\Amazone-Clone\\amazone-clone\\functions\\node_modules\\firebase-functions\\lib\\v1\\index.js"} {"metadata":{"emulator":{"name":"functions"},"function":{"name":"us-central1-api"},"extension":{},"message":"[runtime-status] [11992] Resolved module firebase-functions {\"declared\":true,\"installed\":true,\"version\":\"4.7.0\",\"resolution\":\"C:\\\\Users\\\\A\\\\Desktop\\\\bini\\\\Projects\\\\Amazone-Clone\\\\amazone-clone\\\\functions\\\\node_modules\\\\firebase-functions\\\\lib\\\\v1\\\\index.js\"}"}}
[debug] [2024-02-18T06:47:06.655Z] [runtime-status] [11992] Checked functions.config() {"config":{}} {"metadata":{"emulator":{"name":"functions"},"function":{"name":"us-central1-api"},"extension":{},"message":"[runtime-status] [11992] Checked functions.config() {\"config\":{}}"}}
[debug] [2024-02-18T06:47:06.655Z] [runtime-status] [11992] firebase-functions has been stubbed. {"functionsResolution":{"declared":true,"installed":true,"version":"4.7.0","resolution":"C:\\Users\\A\\Desktop\\bini\\Projects\\Amazone-Clone\\amazone-clone\\functions\\node_modules\\firebase-functions\\lib\\v1\\index.js"}} {"metadata":{"emulator":{"name":"functions"},"function":{"name":"us-central1-api"},"extension":{},"message":"[runtime-status] [11992] firebase-functions has been stubbed. {\"functionsResolution\":{\"declared\":true,\"installed\":true,\"version\":\"4.7.0\",\"resolution\":\"C:\\\\Users\\\\A\\\\Desktop\\\\bini\\\\Projects\\\\Amazone-Clone\\\\amazone-clone\\\\functions\\\\node_modules\\\\firebase-functions\\\\lib\\\\v1\\\\index.js\"}}"}}
[debug] [2024-02-18T06:47:06.657Z] [runtime-status] [11992] Resolved module firebase-functions {"declared":true,"installed":true,"version":"4.7.0","resolution":"C:\\Users\\A\\Desktop\\bini\\Projects\\Amazone-Clone\\amazone-clone\\functions\\node_modules\\firebase-functions\\lib\\v1\\index.js"} {"metadata":{"emulator":{"name":"functions"},"function":{"name":"us-central1-api"},"extension":{},"message":"[runtime-status] [11992] Resolved module firebase-functions {\"declared\":true,\"installed\":true,\"version\":\"4.7.0\",\"resolution\":\"C:\\\\Users\\\\A\\\\Desktop\\\\bini\\\\Projects\\\\Amazone-Clone\\\\amazone-clone\\\\functions\\\\node_modules\\\\firebase-functions\\\\lib\\\\v1\\\\index.js\"}"}}
[debug] [2024-02-18T06:47:06.661Z] [runtime-status] [11992] Resolved module firebase-admin {"declared":true,"installed":true,"version":"11.11.1","resolution":"C:\\Users\\A\\Desktop\\bini\\Projects\\Amazone-Clone\\amazone-clone\\functions\\node_modules\\firebase-admin\\lib\\index.js"} {"metadata":{"emulator":{"name":"functions"},"function":{"name":"us-central1-api"},"extension":{},"message":"[runtime-status] [11992] Resolved module firebase-admin {\"declared\":true,\"installed\":true,\"version\":\"11.11.1\",\"resolution\":\"C:\\\\Users\\\\A\\\\Desktop\\\\bini\\\\Projects\\\\Amazone-Clone\\\\amazone-clone\\\\functions\\\\node_modules\\\\firebase-admin\\\\lib\\\\index.js\"}"}}
[debug] [2024-02-18T06:47:06.666Z] [runtime-status] [11992] Resolved module firebase-functions {"declared":true,"installed":true,"version":"4.7.0","resolution":"C:\\Users\\A\\Desktop\\bini\\Projects\\Amazone-Clone\\amazone-clone\\functions\\node_modules\\firebase-functions\\lib\\v1\\index.js"} {"metadata":{"emulator":{"name":"functions"},"function":{"name":"us-central1-api"},"extension":{},"message":"[runtime-status] [11992] Resolved module firebase-functions {\"declared\":true,\"installed\":true,\"version\":\"4.7.0\",\"resolution\":\"C:\\\\Users\\\\A\\\\Desktop\\\\bini\\\\Projects\\\\Amazone-Clone\\\\amazone-clone\\\\functions\\\\node_modules\\\\firebase-functions\\\\lib\\\\v1\\\\index.js\"}"}}
[debug] [2024-02-18T06:47:06.666Z] [runtime-status] [11992] firebase-admin has been stubbed. {"adminResolution":{"declared":true,"installed":true,"version":"11.11.1","resolution":"C:\\Users\\A\\Desktop\\bini\\Projects\\Amazone-Clone\\amazone-clone\\functions\\node_modules\\firebase-admin\\lib\\index.js"}} {"metadata":{"emulator":{"name":"functions"},"function":{"name":"us-central1-api"},"extension":{},"message":"[runtime-status] [11992] firebase-admin has been stubbed. {\"adminResolution\":{\"declared\":true,\"installed\":true,\"version\":\"11.11.1\",\"resolution\":\"C:\\\\Users\\\\A\\\\Desktop\\\\bini\\\\Projects\\\\Amazone-Clone\\\\amazone-clone\\\\functions\\\\node_modules\\\\firebase-admin\\\\lib\\\\index.js\"}}"}}
[debug] [2024-02-18T06:47:06.985Z] [runtime-status] [11992] Functions runtime initialized. {"cwd":"C:\\Users\\A\\Desktop\\bini\\Projects\\Amazone-Clone\\amazone-clone\\functions","node_version":"18.17.0"} {"metadata":{"emulator":{"name":"functions"},"function":{"name":"us-central1-api"},"extension":{},"message":"[runtime-status] [11992] Functions runtime initialized. {\"cwd\":\"C:\\\\Users\\\\A\\\\Desktop\\\\bini\\\\Projects\\\\Amazone-Clone\\\\amazone-clone\\\\functions\",\"node_version\":\"18.17.0\"}"}}
[debug] [2024-02-18T06:47:06.985Z] [runtime-status] [11992] Listening to port: \\?\pipe\fire_emu_c0613636f9b528cb {"metadata":{"emulator":{"name":"functions"},"function":{"name":"us-central1-api"},"extension":{},"message":"[runtime-status] [11992] Listening to port: \\\\?\\pipe\\fire_emu_c0613636f9b528cb"}}
[debug] [2024-02-18T06:47:07.020Z] [worker-us-central1-api-c724589a-6364-4c83-ad81-3106d92717ca]: IDLE {"metadata":{"emulator":{"name":"functions"},"function":{"name":"us-central1-api"},"extension":{},"message":"[worker-us-central1-api-c724589a-6364-4c83-ad81-3106d92717ca]: IDLE"}}
[debug] [2024-02-18T06:47:07.021Z] [worker-pool] submitRequest(triggerId=us-central1-api) {"metadata":{"emulator":{"name":"functions"},"message":"[worker-pool] submitRequest(triggerId=us-central1-api)"}}
[info] i  functions: Beginning execution of "us-central1-api" {"metadata":{"emulator":{"name":"functions"},"function":{"name":"us-central1-api"},"extension":{},"message":"Beginning execution of \"us-central1-api\""}}
[debug] [2024-02-18T06:47:07.022Z] [worker-us-central1-api-c724589a-6364-4c83-ad81-3106d92717ca]: BUSY {"metadata":{"emulator":{"name":"functions"},"function":{"name":"us-central1-api"},"extension":{},"message":"[worker-us-central1-api-c724589a-6364-4c83-ad81-3106d92717ca]: BUSY"}}
[info] >  Payment Request Recieved BOOM!!! for this amount >>>  110694 {"user":"Payment Request Recieved BOOM!!! for this amount >>>  110694","metadata":{"emulator":{"name":"functions"},"function":{"name":"us-central1-api"},"extension":{},"message":"\u001b[90m> \u001b[39m Payment Request Recieved BOOM!!! for this amount >>>  110694"}}
[debug] [2024-02-18T06:47:16.736Z] Finishing up request with event=pause {"metadata":{"emulator":{"name":"functions"},"function":{"name":"us-central1-api"},"extension":{},"message":"Finishing up request with event=pause"}}
[info] i  functions: Finished "us-central1-api" in 9714.3292ms {"metadata":{"emulator":{"name":"functions"},"function":{"name":"us-central1-api"},"extension":{},"message":"Finished \"us-central1-api\" in 9714.3292ms"}}
[debug] [2024-02-18T06:47:16.737Z] [worker-us-central1-api-c724589a-6364-4c83-ad81-3106d92717ca]: IDLE {"metadata":{"emulator":{"name":"functions"},"function":{"name":"us-central1-api"},"extension":{},"message":"[worker-us-central1-api-c724589a-6364-4c83-ad81-3106d92717ca]: IDLE"}}
[debug] [2024-02-18T06:47:16.737Z] Finishing up request with event=finish {"metadata":{"emulator":{"name":"functions"},"function":{"name":"us-central1-api"},"extension":{},"message":"Finishing up request with event=finish"}}
[debug] [2024-02-18T06:47:16.738Z] Finishing up request with event=close {"metadata":{"emulator":{"name":"functions"},"function":{"name":"us-central1-api"},"extension":{},"message":"Finishing up request with event=close"}}
[debug] [2024-02-18T06:47:16.738Z] [work-queue] {"queuedWork":[],"queueLength":0,"runningWork":[],"workRunningCount":0}
